
==================================================
  TCM Tongue CNN  |  source=dataset
  Batch=32  lazy-load  no-RAM-spike
==================================================
  Dataset: 13438 anh / 20 class

  Phan bo class (tat ca):
    [ 9] baitaishe         7452 anh  weight=0.07
    [10] huangtaishe       1636 anh  weight=0.33
    [ 2] hongshe            634 anh  weight=0.85
    [ 4] pangdashe          218 anh  weight=2.47
    [ 3] zishe              147 anh  weight=3.66
    [11] heitaishe          144 anh  weight=3.73
    [ 5] shoushe            143 anh  weight=3.76
    [ 7] liewenshe          127 anh  weight=4.23
    [ 1] botaishe           120 anh  weight=4.48
    [ 8] chihenshe           39 anh  weight=10.00
    [ 0] jiankangshe         24 anh  weight=10.00
    [13] shenquao            21 anh  weight=10.00
    [12] huataishe           15 anh  weight=10.00
    [17] piweiao             14 anh  weight=10.00
    [ 6] hongdianshe          8 anh  weight=10.00
    [19] xinfeitu             6 anh  weight=10.00
    [15] gandanao             2 anh  weight=10.00

[Phase 1] Training head (20 epochs max)...
Epoch 1/20

[1m  1/336[0m [37m━━━━━━━━━━━━━━━━━━━━[0m [1m1:13:32[0m 13s/step - accuracy: 0.0000e+00 - loss: 0.7475
[1m  2/336[0m [37m━━━━━━━━━━━━━━━━━━━━[0m [1m4:00[0m 720ms/step - accuracy: 0.0078 - loss: 1.3649     
[1m  3/336[0m [37m━━━━━━━━━━━━━━━━━━━━[0m [1m3:40[0m 661ms/step - accuracy: 0.0087 - loss: 1.5921
[1m  4/336[0m [37m━━━━━━━━━━━━━━━━━━━━[0m [1m3:35[0m 648ms/step - accuracy: 0.0085 - loss: 1.6782
[1m  5/336[0m [37m━━━━━━━━━━━━━━━━━━━━[0m [1m3:37[0m 656ms/step - accuracy: 0.0093 - loss: 1.7896
[1m  6/336[0m [37m━━━━━━━━━━━━━━━━━━━━[0m [1m3:36[0m 656ms/step - accuracy: 0.0095 - loss: 1.8381
[1m  7/336[0m [37m━━━━━━━━━━━━━━━━━━━━[0m [1m3:26[0m 627ms/step - accuracy: 0.0100 - loss: 1.8945
[1m  8/336[0m [37m━━━━━━━━━━━━━━━━━━━━[0m [1m3:19[0m 609ms/step - accuracy: 0.0107 - loss: 1.9794
[1m  9/336[0m [37m━━━━━━━━━━━━━━━━━━━━[0m [1m3:14[0m 595ms/step - accuracy: 0.0111 - loss: 2.0341
[1m 10/336[0m [37m━━━━━━━━━━━━━━━━━━━━[0m [1m3:10[0m 586ms/step - accuracy: 0.0112 - loss: 2.0631
[1m 11/336[0m [37m━━━━━━━━━━━━━━━━━━━━[0m [1m3:07[0m 578ms/step - accuracy: 0.0112 - loss: 2.0934
[1m 12/336[0m [37m━━━━━━━━━━━━━━━━━━━━[0m [1m3:05[0m 572ms/step - accuracy: 0.0118 - loss: 2.1099
[1m 13/336[0m [37m━━━━━━━━━━━━━━━━━━━━[0m [1m3:02[0m 566ms/step - accuracy: 0.0124 - loss: 2.1247
[1m 14/336[0m [37m━━━━━━━━━━━━━━━━━━━━[0m [1m3:00[0m 562ms/step - accuracy: 0.0128 - loss: 2.1292
[1m 15/336[0m [37m━━━━━━━━━━━━━━━━━━━━[0m [1m2:59[0m 558ms/step - accuracy: 0.0130 - loss: 2.1277
[1m 16/336[0m [37m━━━━━━━━━━━━━━━━━━━━[0m [1m2:57[0m 554ms/step - accuracy: 0.0132 - loss: 2.1250
[1m 17/336[0m [32m━[0m[37m━━━━━━━━━━━━━━━━━━━[0m [1m2:55[0m 549ms/step - accuracy: 0.0133 - loss: 2.1200
[1m 18/336[0m [32m━[0m[37m━━━━━━━━━━━━━━━━━━━[0m [1m2:53[0m 546ms/step - accuracy: 0.0138 - loss: 2.1134
[1m 19/336[0m [32m━[0m[37m━━━━━━━━━━━━━━━━━━━[0m [1m2:52[0m 544ms/step - accuracy: 0.0142 - loss: 2.1101
[1m 20/336[0m [32m━[0m[37m━━━━━━━━━━━━━━━━━━━[0m [1m2:51[0m 543ms/step - accuracy: 0.0147 - loss: 2.1058
[1m 21/336[0m [32m━[0m[37m━━━━━━━━━━━━━━━━━━━[0m [1m2:50[0m 541ms/step - accuracy: 0.0153 - loss: 2.1015
[1m 22/336[0m [32m━[0m[37m━━━━━━━━━━━━━━━━━━━[0m [1m2:49[0m 538ms/step - accuracy: 0.0158 - loss: 2.0967
[1m 23/336[0m [32m━[0m[37m━━━━━━━━━━━━━━━━━━━[0m [1m2:48[0m 537ms/step - accuracy: 0.0165 - loss: 2.0910
[1m 24/336[0m [32m━[0m[37m━━━━━━━━━━━━━━━━━━━[0m [1m2:46[0m 535ms/step - accuracy: 0.0173 - loss: 2.0835
[1m 25/336[0m [32m━[0m[37m━━━━━━━━━━━━━━━━━━━[0m [1m2:45[0m 533ms/step - accuracy: 0.0180 - loss: 2.0753
[1m 26/336[0m [32m━[0m[37m━━━━━━━━━━━━━━━━━━━[0m [1m2:44[0m 531ms/step - accuracy: 0.0187 - loss: 2.0691
[1m 27/336[0m [32m━[0m[37m━━━━━━━━━━━━━━━━━━━[0m [1m2:43[0m 530ms/step - accuracy: 0.0195 - loss: 2.0625
[1m 28/336[0m [32m━[0m[37m━━━━━━━━━━━━━━━━━━━[0m [1m2:42[0m 529ms/step - accuracy: 0.0204 - loss: 2.0548
[1m 29/336[0m [32m━[0m[37m━━━━━━━━━━━━━━━━━━━[0m [1m2:41[0m 528ms/step - accuracy: 0.0214 - loss: 2.0483
[1m 30/336[0m [32m━[0m[37m━━━━━━━━━━━━━━━━━━━[0m [1m2:41[0m 527ms/step - accuracy: 0.0224 - loss: 2.0424
[1m 31/336[0m [32m━[0m[37m━━━━━━━━━━━━━━━━━━━[0m [1m2:40[0m 528ms/step - accuracy: 0.0234 - loss: 2.0370
[1m 32/336[0m [32m━[0m[37m━━━━━━━━━━━━━━━━━━━[0m [1m2:40[0m 527ms/step - accuracy: 0.0243 - loss: 2.0309
[1m 33/336[0m [32m━[0m[37m━━━━━━━━━━━━━━━━━━━[0m [1m2:39[0m 525ms/step - accuracy: 0.0252 - loss: 2.0248
[1m 34/336[0m [32m━━[0m[37m━━━━━━━━━━━━━━━━━━[0m [1m2:38[0m 525ms/step - accuracy: 0.0262 - loss: 2.0182
[1m 35/336[0m [32m━━[0m[37m━━━━━━━━━━━━━━━━━━[0m [1m2:38[0m 527ms/step - accuracy: 0.0272 - loss: 2.0115
[1m 36/336[0m [32m━━[0m[37m━━━━━━━━━━━━━━━━━━[0m [1m2:38[0m 529ms/step - accuracy: 0.0281 - loss: 2.0056
[1m 37/336[0m [32m━━[0m[37m━━━━━━━━━━━━━━━━━━[0m [1m2:37[0m 528ms/step - accuracy: 0.0290 - loss: 2.0005
[1m 38/336[0m [32m━━[0m[37m━━━━━━━━━━━━━━━━━━[0m [1m2:37[0m 527ms/step - accuracy: 0.0300 - loss: 1.9967
[1m 39/336[0m [32m━━[0m[37m━━━━━━━━━━━━━━━━━━[0m [1m2:36[0m 526ms/step - accuracy: 0.0309 - loss: 1.9935
[1m 40/336[0m [32m━━[0m[37m━━━━━━━━━━━━━━━━━━[0m [1m2:35[0m 525ms/step - accuracy: 0.0317 - loss: 1.9901
[1m 41/336[0m [32m━━[0m[37m━━━━━━━━━━━━━━━━━━[0m [1m2:34[0m 525ms/step - accuracy: 0.0327 - loss: 1.9871
[1m 42/336[0m [32m━━[0m[37m━━━━━━━━━━━━━━━━━━[0m [1m2:34[0m 525ms/step - accuracy: 0.0336 - loss: 1.9843
[1m 43/336[0m [32m━━[0m[37m━━━━━━━━━━━━━━━━━━[0m [1m2:33[0m 524ms/step - accuracy: 0.0345 - loss: 1.9826
[1m 44/336[0m [32m━━[0m[37m━━━━━━━━━━━━━━━━━━[0m [1m2:33[0m 524ms/step - accuracy: 0.0353 - loss: 1.9808
[1m 45/336[0m [32m━━[0m[37m━━━━━━━━━━━━━━━━━━[0m [1m2:32[0m 524ms/step - accuracy: 0.0362 - loss: 1.9786
[1m 46/336[0m [32m━━[0m[37m━━━━━━━━━━━━━━━━━━[0m [1m2:31[0m 524ms/step - accuracy: 0.0371 - loss: 1.9772
[1m 47/336[0m [32m━━[0m[37m━━━━━━━━━━━━━━━━━━[0m [1m2:31[0m 524ms/step - accuracy: 0.0379 - loss: 1.9763
[1m 48/336[0m [32m━━[0m[37m━━━━━━━━━━━━━━━━━━[0m [1m2:30[0m 523ms/step - accuracy: 0.0387 - loss: 1.9754
[1m 49/336[0m [32m━━[0m[37m━━━━━━━━━━━━━━━━━━[0m [1m2:30[0m 523ms/step - accuracy: 0.0396 - loss: 1.9749
[1m 50/336[0m [32m━━[0m[37m━━━━━━━━━━━━━━━━━━[0m [1m2:29[0m 523ms/step - accuracy: 0.0404 - loss: 1.9741
[1m 51/336[0m [32m━━━[0m[37m━━━━━━━━━━━━━━━━━[0m [1m2:29[0m 523ms/step - accuracy: 0.0412 - loss: 1.9731
[1m 52/336[0m [32m━━━[0m[37m━━━━━━━━━━━━━━━━━[0m [1m2:28[0m 523ms/step - accuracy: 0.0420 - loss: 1.9724
[1m 53/336[0m [32m━━━[0m[37m━━━━━━━━━━━━━━━━━[0m [1m2:28[0m 523ms/step - accuracy: 0.0427 - loss: 1.9718
[1m 54/336[0m [32m━━━[0m[37m━━━━━━━━━━━━━━━━━[0m [1m2:27[0m 523ms/step - accuracy: 0.0435 - loss: 1.9711
[1m 55/336[0m [32m━━━[0m[37m━━━━━━━━━━━━━━━━━[0m [1m2:26[0m 522ms/step - accuracy: 0.0443 - loss: 1.9707
[1m 56/336[0m [32m━━━[0m[37m━━━━━━━━━━━━━━━━━[0m [1m2:26[0m 522ms/step - accuracy: 0.0450 - loss: 1.9705
[1m 57/336[0m [32m━━━[0m[37m━━━━━━━━━━━━━━━━━[0m [1m2:25[0m 521ms/step - accuracy: 0.0457 - loss: 1.9703
[1m 58/336[0m [32m━━━[0m[37m━━━━━━━━━━━━━━━━━[0m [1m2:24[0m 521ms/step - accuracy: 0.0464 - loss: 1.9699
[1m 59/336[0m [32m━━━[0m[37m━━━━━━━━━━━━━━━━━[0m [1m2:24[0m 521ms/step - accuracy: 0.0471 - loss: 1.9695
[1m 60/336[0m [32m━━━[0m[37m━━━━━━━━━━━━━━━━━[0m [1m2:23[0m 520ms/step - accuracy: 0.0477 - loss: 1.9692
[1m 61/336[0m [32m━━━[0m[37m━━━━━━━━━━━━━━━━━[0m [1m2:23[0m 520ms/step - accuracy: 0.0483 - loss: 1.9691
[1m 62/336[0m [32m━━━[0m[37m━━━━━━━━━━━━━━━━━[0m [1m2:22[0m 520ms/step - accuracy: 0.0489 - loss: 1.9690
[1m 63/336[0m [32m━━━[0m[37m━━━━━━━━━━━━━━━━━[0m [1m2:21[0m 519ms/step - accuracy: 0.0494 - loss: 1.9685
[1m 64/336[0m [32m━━━[0m[37m━━━━━━━━━━━━━━━━━[0m [1m2:21[0m 519ms/step - accuracy: 0.0500 - loss: 1.9679
[1m 65/336[0m [32m━━━[0m[37m━━━━━━━━━━━━━━━━━[0m [1m2:20[0m 518ms/step - accuracy: 0.0505 - loss: 1.9671
[1m 66/336[0m [32m━━━[0m[37m━━━━━━━━━━━━━━━━━[0m [1m2:19[0m 518ms/step - accuracy: 0.0510 - loss: 1.9662
[1m 67/336[0m [32m━━━[0m[37m━━━━━━━━━━━━━━━━━[0m [1m2:19[0m 517ms/step - accuracy: 0.0514 - loss: 1.9651
[1m 68/336[0m [32m━━━━[0m[37m━━━━━━━━━━━━━━━━[0m [1m2:18[0m 517ms/step - accuracy: 0.0519 - loss: 1.9639
[1m 69/336[0m [32m━━━━[0m[37m━━━━━━━━━━━━━━━━[0m [1m2:17[0m 516ms/step - accuracy: 0.0523 - loss: 1.9626
[1m 70/336[0m [32m━━━━[0m[37m━━━━━━━━━━━━━━━━[0m [1m2:17[0m 516ms/step - accuracy: 0.0527 - loss: 1.9614
[1m 71/336[0m [32m━━━━[0m[37m━━━━━━━━━━━━━━━━[0m [1m2:16[0m 516ms/step - accuracy: 0.0531 - loss: 1.9600
[1m 72/336[0m [32m━━━━[0m[37m━━━━━━━━━━━━━━━━[0m [1m2:15[0m 515ms/step - accuracy: 0.0535 - loss: 1.9587
[1m 73/336[0m [32m━━━━[0m[37m━━━━━━━━━━━━━━━━[0m [1m2:15[0m 515ms/step - accuracy: 0.0539 - loss: 1.9572
[1m 74/336[0m [32m━━━━[0m[37m━━━━━━━━━━━━━━━━[0m [1m2:14[0m 514ms/step - accuracy: 0.0543 - loss: 1.9557
[1m 75/336[0m [32m━━━━[0m[37m━━━━━━━━━━━━━━━━[0m [1m2:14[0m 514ms/step - accuracy: 0.0547 - loss: 1.9544
[1m 76/336[0m [32m━━━━[0m[37m━━━━━━━━━━━━━━━━[0m [1m2:13[0m 513ms/step - accuracy: 0.0551 - loss: 1.9529
[1m 77/336[0m [32m━━━━[0m[37m━━━━━━━━━━━━━━━━[0m [1m2:12[0m 513ms/step - accuracy: 0.0554 - loss: 1.9516
[1m 78/336[0m [32m━━━━[0m[37m━━━━━━━━━━━━━━━━[0m [1m2:12[0m 513ms/step - accuracy: 0.0558 - loss: 1.9503
[1m 79/336[0m [32m━━━━[0m[37m━━━━━━━━━━━━━━━━[0m [1m2:11[0m 513ms/step - accuracy: 0.0561 - loss: 1.9491
[1m 80/336[0m [32m━━━━[0m[37m━━━━━━━━━━━━━━━━[0m [1m2:11[0m 512ms/step - accuracy: 0.0565 - loss: 1.9481
[1m 81/336[0m [32m━━━━[0m[37m━━━━━━━━━━━━━━━━[0m [1m2:10[0m 512ms/step - accuracy: 0.0568 - loss: 1.9472
[1m 82/336[0m [32m━━━━[0m[37m━━━━━━━━━━━━━━━━[0m [1m2:10[0m 512ms/step - accuracy: 0.0571 - loss: 1.9464
[1m 83/336[0m [32m━━━━[0m[37m━━━━━━━━━━━━━━━━[0m [1m2:09[0m 511ms/step - accuracy: 0.0574 - loss: 1.9456
[1m 84/336[0m [32m━━━━━[0m[37m━━━━━━━━━━━━━━━[0m [1m2:08[0m 511ms/step - accuracy: 0.0577 - loss: 1.9446
[1m 85/336[0m [32m━━━━━[0m[37m━━━━━━━━━━━━━━━[0m [1m2:08[0m 511ms/step - accuracy: 0.0581 - loss: 1.9438
[1m 86/336[0m [32m━━━━━[0m[37m━━━━━━━━━━━━━━━[0m [1m2:07[0m 510ms/step - accuracy: 0.0584 - loss: 1.9430
[1m 87/336[0m [32m━━━━━[0m[37m━━━━━━━━━━━━━━━[0m [1m2:07[0m 510ms/step - accuracy: 0.0587 - loss: 1.9423
[1m 88/336[0m [32m━━━━━[0m[37m━━━━━━━━━━━━━━━[0m [1m2:06[0m 510ms/step - accuracy: 0.0590 - loss: 1.9416
[1m 89/336[0m [32m━━━━━[0m[37m━━━━━━━━━━━━━━━[0m [1m2:05[0m 510ms/step - accuracy: 0.0593 - loss: 1.9410
[1m 90/336[0m [32m━━━━━[0m[37m━━━━━━━━━━━━━━━[0m [1m2:05[0m 509ms/step - accuracy: 0.0596 - loss: 1.9403
[1m 91/336[0m [32m━━━━━[0m[37m━━━━━━━━━━━━━━━[0m [1m2:04[0m 509ms/step - accuracy: 0.0599 - loss: 1.9396
[1m 92/336[0m [32m━━━━━[0m[37m━━━━━━━━━━━━━━━[0m [1m2:04[0m 509ms/step - accuracy: 0.0602 - loss: 1.9389
[1m 93/336[0m [32m━━━━━[0m[37m━━━━━━━━━━━━━━━[0m [1m2:03[0m 509ms/step - accuracy: 0.0605 - loss: 1.9382
[1m 94/336[0m [32m━━━━━[0m[37m━━━━━━━━━━━━━━━[0m [1m2:03[0m 508ms/step - accuracy: 0.0608 - loss: 1.9375
[1m 95/336[0m [32m━━━━━[0m[37m━━━━━━━━━━━━━━━[0m [1m2:02[0m 508ms/step - accuracy: 0.0611 - loss: 1.9367
[1m 96/336[0m [32m━━━━━[0m[37m━━━━━━━━━━━━━━━[0m [1m2:01[0m 508ms/step - accuracy: 0.0613 - loss: 1.9360
[1m 97/336[0m [32m━━━━━[0m[37m━━━━━━━━━━━━━━━[0m [1m2:01[0m 508ms/step - accuracy: 0.0616 - loss: 1.9352
[1m 98/336[0m [32m━━━━━[0m[37m━━━━━━━━━━━━━━━[0m [1m2:00[0m 508ms/step - accuracy: 0.0619 - loss: 1.9344
[1m 99/336[0m [32m━━━━━[0m[37m━━━━━━━━━━━━━━━[0m [1m2:00[0m 508ms/step - accuracy: 0.0621 - loss: 1.9336
[1m100/336[0m [32m━━━━━[0m[37m━━━━━━━━━━━━━━━[0m [1m1:59[0m 507ms/step - accuracy: 0.0624 - loss: 1.9326
[1m101/336[0m [32m━━━━━━[0m[37m━━━━━━━━━━━━━━[0m [1m1:59[0m 507ms/step - accuracy: 0.0626 - loss: 1.9317
[1m102/336[0m [32m━━━━━━[0m[37m━━━━━━━━━━━━━━[0m [1m1:58[0m 507ms/step - accuracy: 0.0629 - loss: 1.9310
[1m103/336[0m [32m━━━━━━[0m[37m━━━━━━━━━━━━━━[0m [1m1:58[0m 507ms/step - accuracy: 0.0631 - loss: 1.9303
[1m104/336[0m [32m━━━━━━[0m[37m━━━━━━━━━━━━━━[0m [1m1:57[0m 506ms/step - accuracy: 0.0634 - loss: 1.9298
[1m105/336[0m [32m━━━━━━[0m[37m━━━━━━━━━━━━━━[0m [1m1:56[0m 506ms/step - accuracy: 0.0636 - loss: 1.9292
[1m106/336[0m [32m━━━━━━[0m[37m━━━━━━━━━━━━━━[0m [1m1:56[0m 506ms/step - accuracy: 0.0638 - loss: 1.9285
[1m107/336[0m [32m━━━━━━[0m[37m━━━━━━━━━━━━━━[0m [1m1:55[0m 506ms/step - accuracy: 0.0640 - loss: 1.9278
[1m108/336[0m [32m━━━━━━[0m[37m━━━━━━━━━━━━━━[0m [1m1:55[0m 506ms/step - accuracy: 0.0643 - loss: 1.9271
[1m109/336[0m [32m━━━━━━[0m[37m━━━━━━━━━━━━━━[0m [1m1:54[0m 506ms/step - accuracy: 0.0645 - loss: 1.9264
[1m110/336[0m [32m━━━━━━[0m[37m━━━━━━━━━━━━━━[0m [1m1:54[0m 505ms/step - accuracy: 0.0647 - loss: 1.9257
[1m111/336[0m [32m━━━━━━[0m[37m━━━━━━━━━━━━━━[0m [1m1:53[0m 505ms/step - accuracy: 0.0649 - loss: 1.9249
[1m112/336[0m [32m━━━━━━[0m[37m━━━━━━━━━━━━━━[0m [1m1:53[0m 505ms/step - accuracy: 0.0652 - loss: 1.9242
[1m113/336[0m [32m━━━━━━[0m[37m━━━━━━━━━━━━━━[0m [1m1:52[0m 505ms/step - accuracy: 0.0654 - loss: 1.9234
[1m114/336[0m [32m━━━━━━[0m[37m━━━━━━━━━━━━━━[0m [1m1:52[0m 505ms/step - accuracy: 0.0656 - loss: 1.9227
[1m115/336[0m [32m━━━━━━[0m[37m━━━━━━━━━━━━━━[0m [1m1:51[0m 505ms/step - accuracy: 0.0658 - loss: 1.9220
[1m116/336[0m [32m━━━━━━[0m[37m━━━━━━━━━━━━━━[0m [1m1:50[0m 504ms/step - accuracy: 0.0660 - loss: 1.9214
[1m117/336[0m [32m━━━━━━[0m[37m━━━━━━━━━━━━━━[0m [1m1:50[0m 504ms/step - accuracy: 0.0662 - loss: 1.9208
[1m118/336[0m [32m━━━━━━━[0m[37m━━━━━━━━━━━━━[0m [1m1:49[0m 504ms/step - accuracy: 0.0664 - loss: 1.9203
[1m119/336[0m [32m━━━━━━━[0m[37m━━━━━━━━━━━━━[0m [1m1:49[0m 504ms/step - accuracy: 0.0666 - loss: 1.9197
[1m120/336[0m [32m━━━━━━━[0m[37m━━━━━━━━━━━━━[0m [1m1:48[0m 504ms/step - accuracy: 0.0668 - loss: 1.9192
[1m121/336[0m [32m━━━━━━━[0m[37m━━━━━━━━━━━━━[0m [1m1:48[0m 505ms/step - accuracy: 0.0670 - loss: 1.9188
[1m122/336[0m [32m━━━━━━━[0m[37m━━━━━━━━━━━━━[0m [1m1:48[0m 505ms/step - accuracy: 0.0672 - loss: 1.9183
[1m123/336[0m [32m━━━━━━━[0m[37m━━━━━━━━━━━━━[0m [1m1:47[0m 505ms/step - accuracy: 0.0674 - loss: 1.9178
[1m124/336[0m [32m━━━━━━━[0m[37m━━━━━━━━━━━━━[0m [1m1:47[0m 505ms/step - accuracy: 0.0676 - loss: 1.9174
[1m125/336[0m [32m━━━━━━━[0m[37m━━━━━━━━━━━━━[0m [1m1:46[0m 505ms/step - accuracy: 0.0677 - loss: 1.9169
[1m126/336[0m [32m━━━━━━━[0m[37m━━━━━━━━━━━━━[0m [1m1:46[0m 505ms/step - accuracy: 0.0679 - loss: 1.9164
[1m127/336[0m [32m━━━━━━━[0m[37m━━━━━━━━━━━━━[0m [1m1:45[0m 505ms/step - accuracy: 0.0681 - loss: 1.9158
[1m128/336[0m [32m━━━━━━━[0m[37m━━━━━━━━━━━━━[0m [1m1:44[0m 505ms/step - accuracy: 0.0682 - loss: 1.9153
[1m129/336[0m [32m━━━━━━━[0m[37m━━━━━━━━━━━━━[0m [1m1:44[0m 504ms/step - accuracy: 0.0684 - loss: 1.9148
[1m130/336[0m [32m━━━━━━━[0m[37m━━━━━━━━━━━━━[0m [1m1:43[0m 504ms/step - accuracy: 0.0685 - loss: 1.9143
[1m131/336[0m [32m━━━━━━━[0m[37m━━━━━━━━━━━━━[0m [1m1:43[0m 504ms/step - accuracy: 0.0687 - loss: 1.9139
[1m132/336[0m [32m━━━━━━━[0m[37m━━━━━━━━━━━━━[0m [1m1:42[0m 504ms/step - accuracy: 0.0688 - loss: 1.9134
[1m133/336[0m [32m━━━━━━━[0m[37m━━━━━━━━━━━━━[0m [1m1:42[0m 504ms/step - accuracy: 0.0690 - loss: 1.9131
[1m134/336[0m [32m━━━━━━━[0m[37m━━━━━━━━━━━━━[0m [1m1:41[0m 503ms/step - accuracy: 0.0691 - loss: 1.9126
[1m135/336[0m [32m━━━━━━━━[0m[37m━━━━━━━━━━━━[0m [1m1:41[0m 503ms/step - accuracy: 0.0693 - loss: 1.9122
[1m136/336[0m [32m━━━━━━━━[0m[37m━━━━━━━━━━━━[0m [1m1:40[0m 503ms/step - accuracy: 0.0694 - loss: 1.9118
[1m137/336[0m [32m━━━━━━━━[0m[37m━━━━━━━━━━━━[0m [1m1:40[0m 503ms/step - accuracy: 0.0695 - loss: 1.9114
[1m138/336[0m [32m━━━━━━━━[0m[37m━━━━━━━━━━━━[0m [1m1:39[0m 503ms/step - accuracy: 0.0697 - loss: 1.9109
[1m139/336[0m [32m━━━━━━━━[0m[37m━━━━━━━━━━━━[0m [1m1:39[0m 503ms/step - accuracy: 0.0698 - loss: 1.9104
[1m140/336[0m [32m━━━━━━━━[0m[37m━━━━━━━━━━━━[0m [1m1:38[0m 503ms/step - accuracy: 0.0699 - loss: 1.9098
[1m141/336[0m [32m━━━━━━━━[0m[37m━━━━━━━━━━━━[0m [1m1:38[0m 503ms/step - accuracy: 0.0700 - loss: 1.9091
[1m142/336[0m [32m━━━━━━━━[0m[37m━━━━━━━━━━━━[0m [1m1:37[0m 503ms/step - accuracy: 0.0702 - loss: 1.9086
[1m143/336[0m [32m━━━━━━━━[0m[37m━━━━━━━━━━━━[0m [1m1:37[0m 503ms/step - accuracy: 0.0703 - loss: 1.9080
[1m144/336[0m [32m━━━━━━━━[0m[37m━━━━━━━━━━━━[0m [1m1:36[0m 503ms/step - accuracy: 0.0704 - loss: 1.9075
[1m145/336[0m [32m━━━━━━━━[0m[37m━━━━━━━━━━━━[0m [1m1:35[0m 503ms/step - accuracy: 0.0705 - loss: 1.9069
[1m146/336[0m [32m━━━━━━━━[0m[37m━━━━━━━━━━━━[0m [1m1:35[0m 503ms/step - accuracy: 0.0706 - loss: 1.9063
[1m147/336[0m [32m━━━━━━━━[0m[37m━━━━━━━━━━━━[0m [1m1:34[0m 502ms/step - accuracy: 0.0707 - loss: 1.9057
[1m148/336[0m [32m━━━━━━━━[0m[37m━━━━━━━━━━━━[0m [1m1:34[0m 502ms/step - accuracy: 0.0708 - loss: 1.9051
[1m149/336[0m [32m━━━━━━━━[0m[37m━━━━━━━━━━━━[0m [1m1:33[0m 502ms/step - accuracy: 0.0709 - loss: 1.9044
[1m150/336[0m [32m━━━━━━━━[0m[37m━━━━━━━━━━━━[0m [1m1:33[0m 502ms/step - accuracy: 0.0711 - loss: 1.9038
[1m151/336[0m [32m━━━━━━━━[0m[37m━━━━━━━━━━━━[0m [1m1:32[0m 502ms/step - accuracy: 0.0712 - loss: 1.9031
[1m152/336[0m [32m━━━━━━━━━[0m[37m━━━━━━━━━━━[0m [1m1:32[0m 502ms/step - accuracy: 0.0713 - loss: 1.9024
[1m153/336[0m [32m━━━━━━━━━[0m[37m━━━━━━━━━━━[0m [1m1:31[0m 502ms/step - accuracy: 0.0714 - loss: 1.9018
[1m154/336[0m [32m━━━━━━━━━[0m[37m━━━━━━━━━━━[0m [1m1:31[0m 501ms/step - accuracy: 0.0715 - loss: 1.9012
[1m155/336[0m [32m━━━━━━━━━[0m[37m━━━━━━━━━━━[0m [1m1:30[0m 501ms/step - accuracy: 0.0716 - loss: 1.9007
[1m156/336[0m [32m━━━━━━━━━[0m[37m━━━━━━━━━━━[0m [1m1:30[0m 501ms/step - accuracy: 0.0717 - loss: 1.9001
[1m157/336[0m [32m━━━━━━━━━[0m[37m━━━━━━━━━━━[0m [1m1:29[0m 501ms/step - accuracy: 0.0718 - loss: 1.8995
[1m158/336[0m [32m━━━━━━━━━[0m[37m━━━━━━━━━━━[0m [1m1:29[0m 501ms/step - accuracy: 0.0719 - loss: 1.8989
[1m159/336[0m [32m━━━━━━━━━[0m[37m━━━━━━━━━━━[0m [1m1:28[0m 501ms/step - accuracy: 0.0720 - loss: 1.8984
[1m160/336[0m [32m━━━━━━━━━[0m[37m━━━━━━━━━━━[0m [1m1:28[0m 501ms/step - accuracy: 0.0721 - loss: 1.8979
[1m161/336[0m [32m━━━━━━━━━[0m[37m━━━━━━━━━━━[0m [1m1:27[0m 501ms/step - accuracy: 0.0722 - loss: 1.8975
[1m162/336[0m [32m━━━━━━━━━[0m[37m━━━━━━━━━━━[0m [1m1:27[0m 501ms/step - accuracy: 0.0723 - loss: 1.8971
[1m163/336[0m [32m━━━━━━━━━[0m[37m━━━━━━━━━━━[0m [1m1:26[0m 501ms/step - accuracy: 0.0724 - loss: 1.8967
[1m164/336[0m [32m━━━━━━━━━[0m[37m━━━━━━━━━━━[0m [1m1:26[0m 501ms/step - accuracy: 0.0724 - loss: 1.8963
[1m165/336[0m [32m━━━━━━━━━[0m[37m━━━━━━━━━━━[0m [1m1:25[0m 501ms/step - accuracy: 0.0725 - loss: 1.8960
[1m166/336[0m [32m━━━━━━━━━[0m[37m━━━━━━━━━━━[0m [1m1:25[0m 501ms/step - accuracy: 0.0726 - loss: 1.8956
[1m167/336[0m [32m━━━━━━━━━[0m[37m━━━━━━━━━━━[0m [1m1:24[0m 501ms/step - accuracy: 0.0727 - loss: 1.8952
[1m168/336[0m [32m━━━━━━━━━━[0m[37m━━━━━━━━━━[0m [1m1:24[0m 501ms/step - accuracy: 0.0728 - loss: 1.8948
[1m169/336[0m [32m━━━━━━━━━━[0m[37m━━━━━━━━━━[0m [1m1:23[0m 501ms/step - accuracy: 0.0729 - loss: 1.8943
[1m170/336[0m [32m━━━━━━━━━━[0m[37m━━━━━━━━━━[0m [1m1:23[0m 501ms/step - accuracy: 0.0730 - loss: 1.8939
[1m171/336[0m [32m━━━━━━━━━━[0m[37m━━━━━━━━━━[0m [1m1:22[0m 501ms/step - accuracy: 0.0730 - loss: 1.8934
[1m172/336[0m [32m━━━━━━━━━━[0m[37m━━━━━━━━━━[0m [1m1:22[0m 501ms/step - accuracy: 0.0731 - loss: 1.8929
[1m173/336[0m [32m━━━━━━━━━━[0m[37m━━━━━━━━━━[0m [1m1:21[0m 501ms/step - accuracy: 0.0732 - loss: 1.8924
[1m174/336[0m [32m━━━━━━━━━━[0m[37m━━━━━━━━━━[0m [1m1:21[0m 501ms/step - accuracy: 0.0732 - loss: 1.8919
[1m175/336[0m [32m━━━━━━━━━━[0m[37m━━━━━━━━━━[0m [1m1:20[0m 501ms/step - accuracy: 0.0733 - loss: 1.8914
[1m176/336[0m [32m━━━━━━━━━━[0m[37m━━━━━━━━━━[0m [1m1:20[0m 501ms/step - accuracy: 0.0734 - loss: 1.8909
[1m177/336[0m [32m━━━━━━━━━━[0m[37m━━━━━━━━━━[0m [1m1:19[0m 501ms/step - accuracy: 0.0734 - loss: 1.8904
[1m178/336[0m [32m━━━━━━━━━━[0m[37m━━━━━━━━━━[0m [1m1:19[0m 501ms/step - accuracy: 0.0735 - loss: 1.8898
[1m179/336[0m [32m━━━━━━━━━━[0m[37m━━━━━━━━━━[0m [1m1:18[0m 501ms/step - accuracy: 0.0736 - loss: 1.8892
[1m180/336[0m [32m━━━━━━━━━━[0m[37m━━━━━━━━━━[0m [1m1:18[0m 501ms/step - accuracy: 0.0736 - loss: 1.8887
[1m181/336[0m [32m━━━━━━━━━━[0m[37m━━━━━━━━━━[0m [1m1:17[0m 500ms/step - accuracy: 0.0737 - loss: 1.8882
[1m182/336[0m [32m━━━━━━━━━━[0m[37m━━━━━━━━━━[0m [1m1:17[0m 500ms/step - accuracy: 0.0738 - loss: 1.8877
[1m183/336[0m [32m━━━━━━━━━━[0m[37m━━━━━━━━━━[0m [1m1:16[0m 500ms/step - accuracy: 0.0738 - loss: 1.8872
[1m184/336[0m [32m━━━━━━━━━━[0m[37m━━━━━━━━━━[0m [1m1:16[0m 500ms/step - accuracy: 0.0739 - loss: 1.8867
[1m185/336[0m [32m━━━━━━━━━━━[0m[37m━━━━━━━━━[0m [1m1:15[0m 500ms/step - accuracy: 0.0740 - loss: 1.8862
[1m186/336[0m [32m━━━━━━━━━━━[0m[37m━━━━━━━━━[0m [1m1:15[0m 500ms/step - accuracy: 0.0740 - loss: 1.8857
[1m187/336[0m [32m━━━━━━━━━━━[0m[37m━━━━━━━━━[0m [1m1:14[0m 500ms/step - accuracy: 0.0741 - loss: 1.8852
[1m188/336[0m [32m━━━━━━━━━━━[0m[37m━━━━━━━━━[0m [1m1:14[0m 500ms/step - accuracy: 0.0742 - loss: 1.8847
[1m189/336[0m [32m━━━━━━━━━━━[0m[37m━━━━━━━━━[0m [1m1:13[0m 500ms/step - accuracy: 0.0742 - loss: 1.8843
[1m190/336[0m [32m━━━━━━━━━━━[0m[37m━━━━━━━━━[0m [1m1:13[0m 500ms/step - accuracy: 0.0743 - loss: 1.8838
[1m191/336[0m [32m━━━━━━━━━━━[0m[37m━━━━━━━━━[0m [1m1:12[0m 500ms/step - accuracy: 0.0744 - loss: 1.8833
[1m192/336[0m [32m━━━━━━━━━━━[0m[37m━━━━━━━━━[0m [1m1:12[0m 500ms/step - accuracy: 0.0744 - loss: 1.8829
[1m193/336[0m [32m━━━━━━━━━━━[0m[37m━━━━━━━━━[0m [1m1:11[0m 501ms/step - accuracy: 0.0745 - loss: 1.8824
[1m194/336[0m [32m━━━━━━━━━━━[0m[37m━━━━━━━━━[0m [1m1:11[0m 501ms/step - accuracy: 0.0746 - loss: 1.8819
[1m195/336[0m [32m━━━━━━━━━━━[0m[37m━━━━━━━━━[0m [1m1:10[0m 501ms/step - accuracy: 0.0746 - loss: 1.8815
[1m196/336[0m [32m━━━━━━━━━━━[0m[37m━━━━━━━━━[0m [1m1:10[0m 501ms/step - accuracy: 0.0747 - loss: 1.8811
[1m197/336[0m [32m━━━━━━━━━━━[0m[37m━━━━━━━━━[0m [1m1:09[0m 501ms/step - accuracy: 0.0748 - loss: 1.8807
[1m198/336[0m [32m━━━━━━━━━━━[0m[37m━━━━━━━━━[0m [1m1:09[0m 501ms/step - accuracy: 0.0748 - loss: 1.8803
[1m199/336[0m [32m━━━━━━━━━━━[0m[37m━━━━━━━━━[0m [1m1:08[0m 501ms/step - accuracy: 0.0749 - loss: 1.8799
[1m200/336[0m [32m━━━━━━━━━━━[0m[37m━━━━━━━━━[0m [1m1:08[0m 501ms/step - accuracy: 0.0750 - loss: 1.8794
[1m201/336[0m [32m━━━━━━━━━━━[0m[37m━━━━━━━━━[0m [1m1:07[0m 501ms/step - accuracy: 0.0750 - loss: 1.8790
[1m202/336[0m [32m━━━━━━━━━━━━[0m[37m━━━━━━━━[0m [1m1:07[0m 501ms/step - accuracy: 0.0751 - loss: 1.8785
[1m203/336[0m [32m━━━━━━━━━━━━[0m[37m━━━━━━━━[0m [1m1:06[0m 501ms/step - accuracy: 0.0751 - loss: 1.8781
[1m204/336[0m [32m━━━━━━━━━━━━[0m[37m━━━━━━━━[0m [1m1:06[0m 501ms/step - accuracy: 0.0752 - loss: 1.8776
[1m205/336[0m [32m━━━━━━━━━━━━[0m[37m━━━━━━━━[0m [1m1:05[0m 501ms/step - accuracy: 0.0753 - loss: 1.8771
[1m206/336[0m [32m━━━━━━━━━━━━[0m[37m━━━━━━━━[0m [1m1:05[0m 501ms/step - accuracy: 0.0753 - loss: 1.8766
[1m207/336[0m [32m━━━━━━━━━━━━[0m[37m━━━━━━━━[0m [1m1:04[0m 501ms/step - accuracy: 0.0754 - loss: 1.8761
[1m208/336[0m [32m━━━━━━━━━━━━[0m[37m━━━━━━━━[0m [1m1:04[0m 501ms/step - accuracy: 0.0755 - loss: 1.8757
[1m209/336[0m [32m━━━━━━━━━━━━[0m[37m━━━━━━━━[0m [1m1:03[0m 501ms/step - accuracy: 0.0755 - loss: 1.8752
[1m210/336[0m [32m━━━━━━━━━━━━[0m[37m━━━━━━━━[0m [1m1:03[0m 501ms/step - accuracy: 0.0756 - loss: 1.8747
[1m211/336[0m [32m━━━━━━━━━━━━[0m[37m━━━━━━━━[0m [1m1:02[0m 500ms/step - accuracy: 0.0757 - loss: 1.8742
[1m212/336[0m [32m━━━━━━━━━━━━[0m[37m━━━━━━━━[0m [1m1:02[0m 500ms/step - accuracy: 0.0757 - loss: 1.8738
[1m213/336[0m [32m━━━━━━━━━━━━[0m[37m━━━━━━━━[0m [1m1:01[0m 500ms/step - accuracy: 0.0758 - loss: 1.8733
[1m214/336[0m [32m━━━━━━━━━━━━[0m[37m━━━━━━━━[0m [1m1:01[0m 500ms/step - accuracy: 0.0759 - loss: 1.8730
[1m215/336[0m [32m━━━━━━━━━━━━[0m[37m━━━━━━━━[0m [1m1:00[0m 500ms/step - accuracy: 0.0759 - loss: 1.8726
[1m216/336[0m [32m━━━━━━━━━━━━[0m[37m━━━━━━━━[0m [1m1:00[0m 500ms/step - accuracy: 0.0760 - loss: 1.8722
[1m217/336[0m [32m━━━━━━━━━━━━[0m[37m━━━━━━━━[0m [1m59s[0m 500ms/step - accuracy: 0.0761 - loss: 1.8719 
[1m218/336[0m [32m━━━━━━━━━━━━[0m[37m━━━━━━━━[0m [1m58s[0m 500ms/step - accuracy: 0.0761 - loss: 1.8716
[1m219/336[0m [32m━━━━━━━━━━━━━[0m[37m━━━━━━━[0m [1m58s[0m 500ms/step - accuracy: 0.0762 - loss: 1.8712
[1m220/336[0m [32m━━━━━━━━━━━━━[0m[37m━━━━━━━[0m [1m57s[0m 500ms/step - accuracy: 0.0763 - loss: 1.8708
[1m221/336[0m [32m━━━━━━━━━━━━━[0m[37m━━━━━━━[0m [1m57s[0m 500ms/step - accuracy: 0.0763 - loss: 1.8705
[1m222/336[0m [32m━━━━━━━━━━━━━[0m[37m━━━━━━━[0m [1m56s[0m 500ms/step - accuracy: 0.0764 - loss: 1.8701
[1m223/336[0m [32m━━━━━━━━━━━━━[0m[37m━━━━━━━[0m [1m56s[0m 499ms/step - accuracy: 0.0765 - loss: 1.8697
[1m224/336[0m [32m━━━━━━━━━━━━━[0m[37m━━━━━━━[0m [1m55s[0m 499ms/step - accuracy: 0.0765 - loss: 1.8693
[1m225/336[0m [32m━━━━━━━━━━━━━[0m[37m━━━━━━━[0m [1m55s[0m 499ms/step - accuracy: 0.0766 - loss: 1.8689
[1m226/336[0m [32m━━━━━━━━━━━━━[0m[37m━━━━━━━[0m [1m54s[0m 499ms/step - accuracy: 0.0767 - loss: 1.8685
[1m227/336[0m [32m━━━━━━━━━━━━━[0m[37m━━━━━━━[0m [1m54s[0m 499ms/step - accuracy: 0.0767 - loss: 1.8681
[1m228/336[0m [32m━━━━━━━━━━━━━[0m[37m━━━━━━━[0m [1m53s[0m 499ms/step - accuracy: 0.0768 - loss: 1.8677
[1m229/336[0m [32m━━━━━━━━━━━━━[0m[37m━━━━━━━[0m [1m53s[0m 499ms/step - accuracy: 0.0769 - loss: 1.8672
[1m230/336[0m [32m━━━━━━━━━━━━━[0m[37m━━━━━━━[0m [1m52s[0m 499ms/step - accuracy: 0.0770 - loss: 1.8668
[1m231/336[0m [32m━━━━━━━━━━━━━[0m[37m━━━━━━━[0m [1m52s[0m 499ms/step - accuracy: 0.0770 - loss: 1.8664
[1m232/336[0m [32m━━━━━━━━━━━━━[0m[37m━━━━━━━[0m [1m51s[0m 499ms/step - accuracy: 0.0771 - loss: 1.8661
[1m233/336[0m [32m━━━━━━━━━━━━━[0m[37m━━━━━━━[0m [1m51s[0m 499ms/step - accuracy: 0.0771 - loss: 1.8657
[1m234/336[0m [32m━━━━━━━━━━━━━[0m[37m━━━━━━━[0m [1m50s[0m 499ms/step - accuracy: 0.0772 - loss: 1.8654
[1m235/336[0m [32m━━━━━━━━━━━━━[0m[37m━━━━━━━[0m [1m50s[0m 499ms/step - accuracy: 0.0773 - loss: 1.8650
[1m236/336[0m [32m━━━━━━━━━━━━━━[0m[37m━━━━━━[0m [1m49s[0m 499ms/step - accuracy: 0.0773 - loss: 1.8647
[1m237/336[0m [32m━━━━━━━━━━━━━━[0m[37m━━━━━━[0m [1m49s[0m 499ms/step - accuracy: 0.0774 - loss: 1.8644
[1m238/336[0m [32m━━━━━━━━━━━━━━[0m[37m━━━━━━[0m [1m48s[0m 499ms/step - accuracy: 0.0775 - loss: 1.8640
[1m239/336[0m [32m━━━━━━━━━━━━━━[0m[37m━━━━━━[0m [1m48s[0m 499ms/step - accuracy: 0.0775 - loss: 1.8636
[1m240/336[0m [32m━━━━━━━━━━━━━━[0m[37m━━━━━━[0m [1m47s[0m 499ms/step - accuracy: 0.0776 - loss: 1.8632
[1m241/336[0m [32m━━━━━━━━━━━━━━[0m[37m━━━━━━[0m [1m47s[0m 499ms/step - accuracy: 0.0776 - loss: 1.8628
[1m242/336[0m [32m━━━━━━━━━━━━━━[0m[37m━━━━━━[0m [1m46s[0m 499ms/step - accuracy: 0.0777 - loss: 1.8624
[1m243/336[0m [32m━━━━━━━━━━━━━━[0m[37m━━━━━━[0m [1m46s[0m 499ms/step - accuracy: 0.0778 - loss: 1.8620
[1m244/336[0m [32m━━━━━━━━━━━━━━[0m[37m━━━━━━[0m [1m45s[0m 499ms/step - accuracy: 0.0778 - loss: 1.8616
[1m245/336[0m [32m━━━━━━━━━━━━━━[0m[37m━━━━━━[0m [1m45s[0m 499ms/step - accuracy: 0.0779 - loss: 1.8612
[1m246/336[0m [32m━━━━━━━━━━━━━━[0m[37m━━━━━━[0m [1m44s[0m 499ms/step - accuracy: 0.0780 - loss: 1.8608
[1m247/336[0m [32m━━━━━━━━━━━━━━[0m[37m━━━━━━[0m [1m44s[0m 499ms/step - accuracy: 0.0780 - loss: 1.8604
[1m248/336[0m [32m━━━━━━━━━━━━━━[0m[37m━━━━━━[0m [1m43s[0m 499ms/step - accuracy: 0.0781 - loss: 1.8600
[1m249/336[0m [32m━━━━━━━━━━━━━━[0m[37m━━━━━━[0m [1m43s[0m 499ms/step - accuracy: 0.0782 - loss: 1.8595
[1m250/336[0m [32m━━━━━━━━━━━━━━[0m[37m━━━━━━[0m [1m42s[0m 499ms/step - accuracy: 0.0782 - loss: 1.8591
[1m251/336[0m [32m━━━━━━━━━━━━━━[0m[37m━━━━━━[0m [1m42s[0m 499ms/step - accuracy: 0.0783 - loss: 1.8587
[1m252/336[0m [32m━━━━━━━━━━━━━━━[0m[37m━━━━━[0m [1m41s[0m 499ms/step - accuracy: 0.0784 - loss: 1.8582
[1m253/336[0m [32m━━━━━━━━━━━━━━━[0m[37m━━━━━[0m [1m41s[0m 499ms/step - accuracy: 0.0784 - loss: 1.8578
[1m254/336[0m [32m━━━━━━━━━━━━━━━[0m[37m━━━━━[0m [1m40s[0m 499ms/step - accuracy: 0.0785 - loss: 1.8574
[1m255/336[0m [32m━━━━━━━━━━━━━━━[0m[37m━━━━━[0m [1m40s[0m 499ms/step - accuracy: 0.0785 - loss: 1.8570
[1m256/336[0m [32m━━━━━━━━━━━━━━━[0m[37m━━━━━[0m [1m39s[0m 498ms/step - accuracy: 0.0786 - loss: 1.8566
[1m257/336[0m [32m━━━━━━━━━━━━━━━[0m[37m━━━━━[0m [1m39s[0m 498ms/step - accuracy: 0.0787 - loss: 1.8562
[1m258/336[0m [32m━━━━━━━━━━━━━━━[0m[37m━━━━━[0m [1m38s[0m 499ms/step - accuracy: 0.0787 - loss: 1.8558
[1m259/336[0m [32m━━━━━━━━━━━━━━━[0m[37m━━━━━[0m [1m38s[0m 498ms/step - accuracy: 0.0788 - loss: 1.8554
[1m260/336[0m [32m━━━━━━━━━━━━━━━[0m[37m━━━━━[0m [1m37s[0m 498ms/step - accuracy: 0.0788 - loss: 1.8550
[1m261/336[0m [32m━━━━━━━━━━━━━━━[0m[37m━━━━━[0m [1m37s[0m 498ms/step - accuracy: 0.0789 - loss: 1.8546
[1m262/336[0m [32m━━━━━━━━━━━━━━━[0m[37m━━━━━[0m [1m36s[0m 498ms/step - accuracy: 0.0790 - loss: 1.8542
[1m263/336[0m [32m━━━━━━━━━━━━━━━[0m[37m━━━━━[0m [1m36s[0m 498ms/step - accuracy: 0.0790 - loss: 1.8538
[1m264/336[0m [32m━━━━━━━━━━━━━━━[0m[37m━━━━━[0m [1m35s[0m 498ms/step - accuracy: 0.0791 - loss: 1.8533
[1m265/336[0m [32m━━━━━━━━━━━━━━━[0m[37m━━━━━[0m [1m35s[0m 498ms/step - accuracy: 0.0791 - loss: 1.8529
[1m266/336[0m [32m━━━━━━━━━━━━━━━[0m[37m━━━━━[0m [1m34s[0m 498ms/step - accuracy: 0.0792 - loss: 1.8525
[1m267/336[0m [32m━━━━━━━━━━━━━━━[0m[37m━━━━━[0m [1m34s[0m 497ms/step - accuracy: 0.0793 - loss: 1.8521
[1m268/336[0m [32m━━━━━━━━━━━━━━━[0m[37m━━━━━[0m [1m33s[0m 497ms/step - accuracy: 0.0793 - loss: 1.8517
[1m269/336[0m [32m━━━━━━━━━━━━━━━━[0m[37m━━━━[0m [1m33s[0m 497ms/step - accuracy: 0.0794 - loss: 1.8513
[1m270/336[0m [32m━━━━━━━━━━━━━━━━[0m[37m━━━━[0m [1m32s[0m 497ms/step - accuracy: 0.0795 - loss: 1.8508
[1m271/336[0m [32m━━━━━━━━━━━━━━━━[0m[37m━━━━[0m [1m32s[0m 497ms/step - accuracy: 0.0795 - loss: 1.8504
[1m272/336[0m [32m━━━━━━━━━━━━━━━━[0m[37m━━━━[0m [1m31s[0m 497ms/step - accuracy: 0.0796 - loss: 1.8500
[1m273/336[0m [32m━━━━━━━━━━━━━━━━[0m[37m━━━━[0m [1m31s[0m 496ms/step - accuracy: 0.0796 - loss: 1.8496
[1m274/336[0m [32m━━━━━━━━━━━━━━━━[0m[37m━━━━[0m [1m30s[0m 496ms/step - accuracy: 0.0797 - loss: 1.8492
[1m275/336[0m [32m━━━━━━━━━━━━━━━━[0m[37m━━━━[0m [1m30s[0m 496ms/step - accuracy: 0.0798 - loss: 1.8488
[1m276/336[0m [32m━━━━━━━━━━━━━━━━[0m[37m━━━━[0m [1m29s[0m 496ms/step - accuracy: 0.0798 - loss: 1.8483
[1m277/336[0m [32m━━━━━━━━━━━━━━━━[0m[37m━━━━[0m [1m29s[0m 496ms/step - accuracy: 0.0799 - loss: 1.8479
[1m278/336[0m [32m━━━━━━━━━━━━━━━━[0m[37m━━━━[0m [1m28s[0m 496ms/step - accuracy: 0.0800 - loss: 1.8475
[1m279/336[0m [32m━━━━━━━━━━━━━━━━[0m[37m━━━━[0m [1m28s[0m 496ms/step - accuracy: 0.0800 - loss: 1.8470
[1m280/336[0m [32m━━━━━━━━━━━━━━━━[0m[37m━━━━[0m [1m27s[0m 496ms/step - accuracy: 0.0801 - loss: 1.8466
[1m281/336[0m [32m━━━━━━━━━━━━━━━━[0m[37m━━━━[0m [1m27s[0m 496ms/step - accuracy: 0.0802 - loss: 1.8462
[1m282/336[0m [32m━━━━━━━━━━━━━━━━[0m[37m━━━━[0m [1m26s[0m 496ms/step - accuracy: 0.0803 - loss: 1.8458
[1m283/336[0m [32m━━━━━━━━━━━━━━━━[0m[37m━━━━[0m [1m26s[0m 496ms/step - accuracy: 0.0803 - loss: 1.8454
[1m284/336[0m [32m━━━━━━━━━━━━━━━━[0m[37m━━━━[0m [1m25s[0m 495ms/step - accuracy: 0.0804 - loss: 1.8450
[1m285/336[0m [32m━━━━━━━━━━━━━━━━[0m[37m━━━━[0m [1m25s[0m 495ms/step - accuracy: 0.0805 - loss: 1.8446
[1m286/336[0m [32m━━━━━━━━━━━━━━━━━[0m[37m━━━[0m [1m24s[0m 495ms/step - accuracy: 0.0805 - loss: 1.8442
[1m287/336[0m [32m━━━━━━━━━━━━━━━━━[0m[37m━━━[0m [1m24s[0m 495ms/step - accuracy: 0.0806 - loss: 1.8438
[1m288/336[0m [32m━━━━━━━━━━━━━━━━━[0m[37m━━━[0m [1m23s[0m 495ms/step - accuracy: 0.0807 - loss: 1.8434
[1m289/336[0m [32m━━━━━━━━━━━━━━━━━[0m[37m━━━[0m [1m23s[0m 495ms/step - accuracy: 0.0807 - loss: 1.8430
[1m290/336[0m [32m━━━━━━━━━━━━━━━━━[0m[37m━━━[0m [1m22s[0m 495ms/step - accuracy: 0.0808 - loss: 1.8426
[1m291/336[0m [32m━━━━━━━━━━━━━━━━━[0m[37m━━━[0m [1m22s[0m 495ms/step - accuracy: 0.0809 - loss: 1.8422
[1m292/336[0m [32m━━━━━━━━━━━━━━━━━[0m[37m━━━[0m [1m21s[0m 494ms/step - accuracy: 0.0810 - loss: 1.8418
[1m293/336[0m [32m━━━━━━━━━━━━━━━━━[0m[37m━━━[0m [1m21s[0m 494ms/step - accuracy: 0.0810 - loss: 1.8414
[1m294/336[0m [32m━━━━━━━━━━━━━━━━━[0m[37m━━━[0m [1m20s[0m 494ms/step - accuracy: 0.0811 - loss: 1.8410
[1m295/336[0m [32m━━━━━━━━━━━━━━━━━[0m[37m━━━[0m [1m20s[0m 494ms/step - accuracy: 0.0812 - loss: 1.8406
[1m296/336[0m [32m━━━━━━━━━━━━━━━━━[0m[37m━━━[0m [1m19s[0m 494ms/step - accuracy: 0.0812 - loss: 1.8402
[1m297/336[0m [32m━━━━━━━━━━━━━━━━━[0m[37m━━━[0m [1m19s[0m 494ms/step - accuracy: 0.0813 - loss: 1.8398
[1m298/336[0m [32m━━━━━━━━━━━━━━━━━[0m[37m━━━[0m [1m18s[0m 494ms/step - accuracy: 0.0814 - loss: 1.8394
[1m299/336[0m [32m━━━━━━━━━━━━━━━━━[0m[37m━━━[0m [1m18s[0m 494ms/step - accuracy: 0.0815 - loss: 1.8390
[1m300/336[0m [32m━━━━━━━━━━━━━━━━━[0m[37m━━━[0m [1m17s[0m 494ms/step - accuracy: 0.0815 - loss: 1.8387
[1m301/336[0m [32m━━━━━━━━━━━━━━━━━[0m[37m━━━[0m [1m17s[0m 494ms/step - accuracy: 0.0816 - loss: 1.8383
[1m302/336[0m [32m━━━━━━━━━━━━━━━━━[0m[37m━━━[0m [1m16s[0m 494ms/step - accuracy: 0.0817 - loss: 1.8379
[1m303/336[0m [32m━━━━━━━━━━━━━━━━━━[0m[37m━━[0m [1m16s[0m 494ms/step - accuracy: 0.0817 - loss: 1.8375
[1m304/336[0m [32m━━━━━━━━━━━━━━━━━━[0m[37m━━[0m [1m15s[0m 494ms/step - accuracy: 0.0818 - loss: 1.8372
[1m305/336[0m [32m━━━━━━━━━━━━━━━━━━[0m[37m━━[0m [1m15s[0m 494ms/step - accuracy: 0.0819 - loss: 1.8368
[1m306/336[0m [32m━━━━━━━━━━━━━━━━━━[0m[37m━━[0m [1m14s[0m 493ms/step - accuracy: 0.0819 - loss: 1.8364
[1m307/336[0m [32m━━━━━━━━━━━━━━━━━━[0m[37m━━[0m [1m14s[0m 493ms/step - accuracy: 0.0820 - loss: 1.8361
[1m308/336[0m [32m━━━━━━━━━━━━━━━━━━[0m[37m━━[0m [1m13s[0m 493ms/step - accuracy: 0.0821 - loss: 1.8358
[1m309/336[0m [32m━━━━━━━━━━━━━━━━━━[0m[37m━━[0m [1m13s[0m 493ms/step - accuracy: 0.0821 - loss: 1.8354
[1m310/336[0m [32m━━━━━━━━━━━━━━━━━━[0m[37m━━[0m [1m12s[0m 493ms/step - accuracy: 0.0822 - loss: 1.8351
[1m311/336[0m [32m━━━━━━━━━━━━━━━━━━[0m[37m━━[0m [1m12s[0m 493ms/step - accuracy: 0.0823 - loss: 1.8348
[1m312/336[0m [32m━━━━━━━━━━━━━━━━━━[0m[37m━━[0m [1m11s[0m 493ms/step - accuracy: 0.0823 - loss: 1.8345
[1m313/336[0m [32m━━━━━━━━━━━━━━━━━━[0m[37m━━[0m [1m11s[0m 493ms/step - accuracy: 0.0824 - loss: 1.8342
[1m314/336[0m [32m━━━━━━━━━━━━━━━━━━[0m[37m━━[0m [1m10s[0m 493ms/step - accuracy: 0.0824 - loss: 1.8339
[1m315/336[0m [32m━━━━━━━━━━━━━━━━━━[0m[37m━━[0m [1m10s[0m 493ms/step - accuracy: 0.0825 - loss: 1.8336
[1m316/336[0m [32m━━━━━━━━━━━━━━━━━━[0m[37m━━[0m [1m9s[0m 493ms/step - accuracy: 0.0826 - loss: 1.8333 
[1m317/336[0m [32m━━━━━━━━━━━━━━━━━━[0m[37m━━[0m [1m9s[0m 492ms/step - accuracy: 0.0826 - loss: 1.8330
[1m318/336[0m [32m━━━━━━━━━━━━━━━━━━[0m[37m━━[0m [1m8s[0m 492ms/step - accuracy: 0.0827 - loss: 1.8327
[1m319/336[0m [32m━━━━━━━━━━━━━━━━━━[0m[37m━━[0m [1m8s[0m 492ms/step - accuracy: 0.0828 - loss: 1.8324
[1m320/336[0m [32m━━━━━━━━━━━━━━━━━━━[0m[37m━[0m [1m7s[0m 492ms/step - accuracy: 0.0828 - loss: 1.8321
[1m321/336[0m [32m━━━━━━━━━━━━━━━━━━━[0m[37m━[0m [1m7s[0m 492ms/step - accuracy: 0.0829 - loss: 1.8318
[1m322/336[0m [32m━━━━━━━━━━━━━━━━━━━[0m[37m━[0m [1m6s[0m 492ms/step - accuracy: 0.0829 - loss: 1.8314
[1m323/336[0m [32m━━━━━━━━━━━━━━━━━━━[0m[37m━[0m [1m6s[0m 492ms/step - accuracy: 0.0830 - loss: 1.8312
[1m324/336[0m [32m━━━━━━━━━━━━━━━━━━━[0m[37m━[0m [1m5s[0m 491ms/step - accuracy: 0.0830 - loss: 1.8309
[1m325/336[0m [32m━━━━━━━━━━━━━━━━━━━[0m[37m━[0m [1m5s[0m 491ms/step - accuracy: 0.0831 - loss: 1.8306
[1m326/336[0m [32m━━━━━━━━━━━━━━━━━━━[0m[37m━[0m [1m4s[0m 491ms/step - accuracy: 0.0831 - loss: 1.8303
[1m327/336[0m [32m━━━━━━━━━━━━━━━━━━━[0m[37m━[0m [1m4s[0m 491ms/step - accuracy: 0.0832 - loss: 1.8300
[1m328/336[0m [32m━━━━━━━━━━━━━━━━━━━[0m[37m━[0m [1m3s[0m 491ms/step - accuracy: 0.0833 - loss: 1.8298
[1m329/336[0m [32m━━━━━━━━━━━━━━━━━━━[0m[37m━[0m [1m3s[0m 491ms/step - accuracy: 0.0833 - loss: 1.8295
[1m330/336[0m [32m━━━━━━━━━━━━━━━━━━━[0m[37m━[0m [1m2s[0m 491ms/step - accuracy: 0.0834 - loss: 1.8292
[1m331/336[0m [32m━━━━━━━━━━━━━━━━━━━[0m[37m━[0m [1m2s[0m 490ms/step - accuracy: 0.0834 - loss: 1.8289
[1m332/336[0m [32m━━━━━━━━━━━━━━━━━━━[0m[37m━[0m [1m1s[0m 490ms/step - accuracy: 0.0835 - loss: 1.8286
[1m333/336[0m [32m━━━━━━━━━━━━━━━━━━━[0m[37m━[0m [1m1s[0m 490ms/step - accuracy: 0.0835 - loss: 1.8284
[1m334/336[0m [32m━━━━━━━━━━━━━━━━━━━[0m[37m━[0m [1m0s[0m 490ms/step - accuracy: 0.0836 - loss: 1.8281
[1m335/336[0m [32m━━━━━━━━━━━━━━━━━━━[0m[37m━[0m [1m0s[0m 490ms/step - accuracy: 0.0836 - loss: 1.8278
[1m336/336[0m [32m━━━━━━━━━━━━━━━━━━━━[0m[37m[0m [1m0s[0m 490ms/step - accuracy: 0.0837 - loss: 1.8275
Epoch 1: val_accuracy improved from None to 0.36049, saving model to C:\Users\This PC\Desktop\kinhlac\ml-service\model\tongue_cnn.h5

Epoch 1: finished saving model to C:\Users\This PC\Desktop\kinhlac\ml-service\model\tongue_cnn.h5

[1m336/336[0m [32m━━━━━━━━━━━━━━━━━━━━[0m[37m[0m [1m222s[0m 625ms/step - accuracy: 0.0999 - loss: 1.7331 - val_accuracy: 0.3605 - val_loss: 2.3189
Epoch 2/20

[1m  1/336[0m [37m━━━━━━━━━━━━━━━━━━━━[0m [1m35:01[0m 6s/step - accuracy: 0.0938 - loss: 1.8408
[1m  2/336[0m [37m━━━━━━━━━━━━━━━━━━━━[0m [1m3:56[0m 709ms/step - accuracy: 0.0781 - loss: 1.6731
[1m  3/336[0m [37m━━━━━━━━━━━━━━━━━━━━[0m [1m3:44[0m 674ms/step - accuracy: 0.0799 - loss: 1.6087
[1m  4/336[0m [37m━━━━━━━━━━━━━━━━━━━━[0m [1m3:33[0m 642ms/step - accuracy: 0.0794 - loss: 1.6295
[1m  5/336[0m [37m━━━━━━━━━━━━━━━━━━━━[0m [1m3:33[0m 645ms/step - accuracy: 0.0810 - loss: 1.5941
[1m  6/336[0m [37m━━━━━━━━━━━━━━━━━━━━[0m [1m3:31[0m 642ms/step - accuracy: 0.0806 - loss: 1.5585
[1m  7/336[0m [37m━━━━━━━━━━━━━━━━━━━━[0m [1m3:29[0m 636ms/step - accuracy: 0.0799 - loss: 1.5556
[1m  8/336[0m [37m━━━━━━━━━━━━━━━━━━━━[0m [1m3:21[0m 615ms/step - accuracy: 0.0806 - loss: 1.5927
[1m  9/336[0m [37m━━━━━━━━━━━━━━━━━━━━[0m [1m3:16[0m 600ms/step - accuracy: 0.0809 - loss: 1.6225
[1m 10/336[0m [37m━━━━━━━━━━━━━━━━━━━━[0m [1m3:11[0m 587ms/step - accuracy: 0.0813 - loss: 1.6530
[1m 11/336[0m [37m━━━━━━━━━━━━━━━━━━━━[0m [1m3:08[0m 579ms/step - accuracy: 0.0814 - loss: 1.6763
[1m 12/336[0m [37m━━━━━━━━━━━━━━━━━━━━[0m [1m3:05[0m 574ms/step - accuracy: 0.0815 - loss: 1.6902
[1m 13/336[0m [37m━━━━━━━━━━━━━━━━━━━━[0m [1m3:03[0m 567ms/step - accuracy: 0.0812 - loss: 1.6964
[1m 14/336[0m [37m━━━━━━━━━━━━━━━━━━━━[0m [1m3:00[0m 561ms/step - accuracy: 0.0808 - loss: 1.7011
[1m 15/336[0m [37m━━━━━━━━━━━━━━━━━━━━[0m [1m2:58[0m 556ms/step - accuracy: 0.0801 - loss: 1.7010
[1m 16/336[0m [37m━━━━━━━━━━━━━━━━━━━━[0m [1m2:56[0m 551ms/step - accuracy: 0.0795 - loss: 1.7016
[1m 17/336[0m [32m━[0m[37m━━━━━━━━━━━━━━━━━━━[0m [1m2:54[0m 547ms/step - accuracy: 0.0793 - loss: 1.7024
[1m 18/336[0m [32m━[0m[37m━━━━━━━━━━━━━━━━━━━[0m [1m2:52[0m 543ms/step - accuracy: 0.0792 - loss: 1.7001
[1m 19/336[0m [32m━[0m[37m━━━━━━━━━━━━━━━━━━━[0m [1m2:51[0m 541ms/step - accuracy: 0.0791 - loss: 1.6968
[1m 20/336[0m [32m━[0m[37m━━━━━━━━━━━━━━━━━━━[0m [1m2:50[0m 538ms/step - accuracy: 0.0791 - loss: 1.6988
[1m 21/336[0m [32m━[0m[37m━━━━━━━━━━━━━━━━━━━[0m [1m2:49[0m 538ms/step - accuracy: 0.0794 - loss: 1.6989
[1m 22/336[0m [32m━[0m[37m━━━━━━━━━━━━━━━━━━━[0m [1m2:48[0m 536ms/step - accuracy: 0.0796 - loss: 1.6985
[1m 23/336[0m [32m━[0m[37m━━━━━━━━━━━━━━━━━━━[0m [1m2:47[0m 534ms/step - accuracy: 0.0799 - loss: 1.6959
[1m 24/336[0m [32m━[0m[37m━━━━━━━━━━━━━━━━━━━[0m [1m2:46[0m 532ms/step - accuracy: 0.0801 - loss: 1.6937
[1m 25/336[0m [32m━[0m[37m━━━━━━━━━━━━━━━━━━━[0m [1m2:44[0m 530ms/step - accuracy: 0.0805 - loss: 1.6916
[1m 26/336[0m [32m━[0m[37m━━━━━━━━━━━━━━━━━━━[0m [1m2:43[0m 529ms/step - accuracy: 0.0808 - loss: 1.6877
[1m 27/336[0m [32m━[0m[37m━━━━━━━━━━━━━━━━━━━[0m [1m2:42[0m 527ms/step - accuracy: 0.0811 - loss: 1.6833
[1m 28/336[0m [32m━[0m[37m━━━━━━━━━━━━━━━━━━━[0m [1m2:42[0m 526ms/step - accuracy: 0.0814 - loss: 1.6806
[1m 29/336[0m [32m━[0m[37m━━━━━━━━━━━━━━━━━━━[0m [1m2:40[0m 524ms/step - accuracy: 0.0818 - loss: 1.6788
[1m 30/336[0m [32m━[0m[37m━━━━━━━━━━━━━━━━━━━[0m [1m2:39[0m 522ms/step - accuracy: 0.0822 - loss: 1.6766
[1m 31/336[0m [32m━[0m[37m━━━━━━━━━━━━━━━━━━━[0m [1m2:38[0m 521ms/step - accuracy: 0.0825 - loss: 1.6754
[1m 32/336[0m [32m━[0m[37m━━━━━━━━━━━━━━━━━━━[0m [1m2:38[0m 520ms/step - accuracy: 0.0828 - loss: 1.6771
[1m 33/336[0m [32m━[0m[37m━━━━━━━━━━━━━━━━━━━[0m [1m2:37[0m 519ms/step - accuracy: 0.0831 - loss: 1.6776
[1m 34/336[0m [32m━━[0m[37m━━━━━━━━━━━━━━━━━━[0m [1m2:36[0m 518ms/step - accuracy: 0.0835 - loss: 1.6793
[1m 35/336[0m [32m━━[0m[37m━━━━━━━━━━━━━━━━━━[0m [1m2:35[0m 517ms/step - accuracy: 0.0839 - loss: 1.6808
[1m 36/336[0m [32m━━[0m[37m━━━━━━━━━━━━━━━━━━[0m [1m2:34[0m 516ms/step - accuracy: 0.0843 - loss: 1.6819
[1m 37/336[0m [32m━━[0m[37m━━━━━━━━━━━━━━━━━━[0m [1m2:34[0m 515ms/step - accuracy: 0.0846 - loss: 1.6834
[1m 38/336[0m [32m━━[0m[37m━━━━━━━━━━━━━━━━━━[0m [1m2:33[0m 514ms/step - accuracy: 0.0850 - loss: 1.6845
[1m 39/336[0m [32m━━[0m[37m━━━━━━━━━━━━━━━━━━[0m [1m2:32[0m 514ms/step - accuracy: 0.0854 - loss: 1.6854
[1m 40/336[0m [32m━━[0m[37m━━━━━━━━━━━━━━━━━━[0m [1m2:31[0m 513ms/step - accuracy: 0.0857 - loss: 1.6862
[1m 41/336[0m [32m━━[0m[37m━━━━━━━━━━━━━━━━━━[0m [1m2:31[0m 512ms/step - accuracy: 0.0861 - loss: 1.6869
[1m 42/336[0m [32m━━[0m[37m━━━━━━━━━━━━━━━━━━[0m [1m2:30[0m 512ms/step - accuracy: 0.0865 - loss: 1.6871
[1m 43/336[0m [32m━━[0m[37m━━━━━━━━━━━━━━━━━━[0m [1m2:29[0m 511ms/step - accuracy: 0.0868 - loss: 1.6872
[1m 44/336[0m [32m━━[0m[37m━━━━━━━━━━━━━━━━━━[0m [1m2:29[0m 510ms/step - accuracy: 0.0871 - loss: 1.6873
[1m 45/336[0m [32m━━[0m[37m━━━━━━━━━━━━━━━━━━[0m [1m2:28[0m 510ms/step - accuracy: 0.0874 - loss: 1.6871
[1m 46/336[0m [32m━━[0m[37m━━━━━━━━━━━━━━━━━━[0m [1m2:27[0m 510ms/step - accuracy: 0.0877 - loss: 1.6864
[1m 47/336[0m [32m━━[0m[37m━━━━━━━━━━━━━━━━━━[0m [1m2:27[0m 509ms/step - accuracy: 0.0879 - loss: 1.6859
[1m 48/336[0m [32m━━[0m[37m━━━━━━━━━━━━━━━━━━[0m [1m2:26[0m 509ms/step - accuracy: 0.0882 - loss: 1.6854
[1m 49/336[0m [32m━━[0m[37m━━━━━━━━━━━━━━━━━━[0m [1m2:25[0m 508ms/step - accuracy: 0.0884 - loss: 1.6848
[1m 50/336[0m [32m━━[0m[37m━━━━━━━━━━━━━━━━━━[0m [1m2:25[0m 507ms/step - accuracy: 0.0886 - loss: 1.6839
[1m 51/336[0m [32m━━━[0m[37m━━━━━━━━━━━━━━━━━[0m [1m2:24[0m 507ms/step - accuracy: 0.0888 - loss: 1.6829
[1m 52/336[0m [32m━━━[0m[37m━━━━━━━━━━━━━━━━━[0m [1m2:23[0m 507ms/step - accuracy: 0.0890 - loss: 1.6814
[1m 53/336[0m [32m━━━[0m[37m━━━━━━━━━━━━━━━━━[0m [1m2:23[0m 506ms/step - accuracy: 0.0892 - loss: 1.6809
[1m 54/336[0m [32m━━━[0m[37m━━━━━━━━━━━━━━━━━[0m [1m2:22[0m 506ms/step - accuracy: 0.0894 - loss: 1.6804
[1m 55/336[0m [32m━━━[0m[37m━━━━━━━━━━━━━━━━━[0m [1m2:22[0m 506ms/step - accuracy: 0.0896 - loss: 1.6798
[1m 56/336[0m [32m━━━[0m[37m━━━━━━━━━━━━━━━━━[0m [1m2:21[0m 506ms/step - accuracy: 0.0899 - loss: 1.6792
[1m 57/336[0m [32m━━━[0m[37m━━━━━━━━━━━━━━━━━[0m [1m2:21[0m 505ms/step - accuracy: 0.0902 - loss: 1.6785
[1m 58/336[0m [32m━━━[0m[37m━━━━━━━━━━━━━━━━━[0m [1m2:20[0m 505ms/step - accuracy: 0.0904 - loss: 1.6780
[1m 59/336[0m [32m━━━[0m[37m━━━━━━━━━━━━━━━━━[0m [1m2:19[0m 505ms/step - accuracy: 0.0907 - loss: 1.6775
[1m 60/336[0m [32m━━━[0m[37m━━━━━━━━━━━━━━━━━[0m [1m2:19[0m 505ms/step - accuracy: 0.0909 - loss: 1.6772
[1m 61/336[0m [32m━━━[0m[37m━━━━━━━━━━━━━━━━━[0m [1m2:18[0m 504ms/step - accuracy: 0.0912 - loss: 1.6769
[1m 62/336[0m [32m━━━[0m[37m━━━━━━━━━━━━━━━━━[0m [1m2:18[0m 504ms/step - accuracy: 0.0914 - loss: 1.6767
[1m 63/336[0m [32m━━━[0m[37m━━━━━━━━━━━━━━━━━[0m [1m2:17[0m 504ms/step - accuracy: 0.0917 - loss: 1.6764
[1m 64/336[0m [32m━━━[0m[37m━━━━━━━━━━━━━━━━━[0m [1m2:17[0m 504ms/step - accuracy: 0.0919 - loss: 1.6759
[1m 65/336[0m [32m━━━[0m[37m━━━━━━━━━━━━━━━━━[0m [1m2:16[0m 504ms/step - accuracy: 0.0922 - loss: 1.6754
[1m 66/336[0m [32m━━━[0m[37m━━━━━━━━━━━━━━━━━[0m [1m2:15[0m 503ms/step - accuracy: 0.0924 - loss: 1.6748
[1m 67/336[0m [32m━━━[0m[37m━━━━━━━━━━━━━━━━━[0m [1m2:15[0m 503ms/step - accuracy: 0.0926 - loss: 1.6741
[1m 68/336[0m [32m━━━━[0m[37m━━━━━━━━━━━━━━━━[0m [1m2:14[0m 503ms/step - accuracy: 0.0929 - loss: 1.6735
[1m 69/336[0m [32m━━━━[0m[37m━━━━━━━━━━━━━━━━[0m [1m2:14[0m 503ms/step - accuracy: 0.0931 - loss: 1.6731
[1m 70/336[0m [32m━━━━[0m[37m━━━━━━━━━━━━━━━━[0m [1m2:13[0m 502ms/step - accuracy: 0.0934 - loss: 1.6730
[1m 71/336[0m [32m━━━━[0m[37m━━━━━━━━━━━━━━━━[0m [1m2:13[0m 502ms/step - accuracy: 0.0936 - loss: 1.6728
[1m 72/336[0m [32m━━━━[0m[37m━━━━━━━━━━━━━━━━[0m [1m2:12[0m 502ms/step - accuracy: 0.0938 - loss: 1.6727
[1m 73/336[0m [32m━━━━[0m[37m━━━━━━━━━━━━━━━━[0m [1m2:11[0m 501ms/step - accuracy: 0.0940 - loss: 1.6724
[1m 74/336[0m [32m━━━━[0m[37m━━━━━━━━━━━━━━━━[0m [1m2:11[0m 501ms/step - accuracy: 0.0942 - loss: 1.6720
[1m 75/336[0m [32m━━━━[0m[37m━━━━━━━━━━━━━━━━[0m [1m2:10[0m 501ms/step - accuracy: 0.0944 - loss: 1.6713
[1m 76/336[0m [32m━━━━[0m[37m━━━━━━━━━━━━━━━━[0m [1m2:10[0m 501ms/step - accuracy: 0.0946 - loss: 1.6706
[1m 77/336[0m [32m━━━━[0m[37m━━━━━━━━━━━━━━━━[0m [1m2:09[0m 501ms/step - accuracy: 0.0947 - loss: 1.6699
[1m 78/336[0m [32m━━━━[0m[37m━━━━━━━━━━━━━━━━[0m [1m2:09[0m 500ms/step - accuracy: 0.0949 - loss: 1.6690
[1m 79/336[0m [32m━━━━[0m[37m━━━━━━━━━━━━━━━━[0m [1m2:08[0m 500ms/step - accuracy: 0.0950 - loss: 1.6682
[1m 80/336[0m [32m━━━━[0m[37m━━━━━━━━━━━━━━━━[0m [1m2:08[0m 500ms/step - accuracy: 0.0952 - loss: 1.6674
[1m 81/336[0m [32m━━━━[0m[37m━━━━━━━━━━━━━━━━[0m [1m2:07[0m 501ms/step - accuracy: 0.0953 - loss: 1.6666
[1m 82/336[0m [32m━━━━[0m[37m━━━━━━━━━━━━━━━━[0m [1m2:07[0m 501ms/step - accuracy: 0.0954 - loss: 1.6657
[1m 83/336[0m [32m━━━━[0m[37m━━━━━━━━━━━━━━━━[0m [1m2:06[0m 500ms/step - accuracy: 0.0955 - loss: 1.6648
[1m 84/336[0m [32m━━━━━[0m[37m━━━━━━━━━━━━━━━[0m [1m2:06[0m 500ms/step - accuracy: 0.0956 - loss: 1.6638
[1m 85/336[0m [32m━━━━━[0m[37m━━━━━━━━━━━━━━━[0m [1m2:05[0m 500ms/step - accuracy: 0.0958 - loss: 1.6630
[1m 86/336[0m [32m━━━━━[0m[37m━━━━━━━━━━━━━━━[0m [1m2:04[0m 500ms/step - accuracy: 0.0959 - loss: 1.6622
[1m 87/336[0m [32m━━━━━[0m[37m━━━━━━━━━━━━━━━[0m [1m2:04[0m 500ms/step - accuracy: 0.0960 - loss: 1.6614
[1m 88/336[0m [32m━━━━━[0m[37m━━━━━━━━━━━━━━━[0m [1m2:03[0m 500ms/step - accuracy: 0.0960 - loss: 1.6608
[1m 89/336[0m [32m━━━━━[0m[37m━━━━━━━━━━━━━━━[0m [1m2:03[0m 500ms/step - accuracy: 0.0961 - loss: 1.6601
[1m 90/336[0m [32m━━━━━[0m[37m━━━━━━━━━━━━━━━[0m [1m2:02[0m 500ms/step - accuracy: 0.0962 - loss: 1.6594
[1m 91/336[0m [32m━━━━━[0m[37m━━━━━━━━━━━━━━━[0m [1m2:02[0m 499ms/step - accuracy: 0.0963 - loss: 1.6587
[1m 92/336[0m [32m━━━━━[0m[37m━━━━━━━━━━━━━━━[0m [1m2:01[0m 499ms/step - accuracy: 0.0963 - loss: 1.6580
[1m 93/336[0m [32m━━━━━[0m[37m━━━━━━━━━━━━━━━[0m [1m2:01[0m 499ms/step - accuracy: 0.0964 - loss: 1.6572
[1m 94/336[0m [32m━━━━━[0m[37m━━━━━━━━━━━━━━━[0m [1m2:00[0m 499ms/step - accuracy: 0.0964 - loss: 1.6564
[1m 95/336[0m [32m━━━━━[0m[37m━━━━━━━━━━━━━━━[0m [1m2:00[0m 499ms/step - accuracy: 0.0965 - loss: 1.6556
[1m 96/336[0m [32m━━━━━[0m[37m━━━━━━━━━━━━━━━[0m [1m1:59[0m 499ms/step - accuracy: 0.0965 - loss: 1.6550
[1m 97/336[0m [32m━━━━━[0m[37m━━━━━━━━━━━━━━━[0m [1m1:59[0m 499ms/step - accuracy: 0.0965 - loss: 1.6544
[1m 98/336[0m [32m━━━━━[0m[37m━━━━━━━━━━━━━━━[0m [1m1:58[0m 499ms/step - accuracy: 0.0966 - loss: 1.6538
[1m 99/336[0m [32m━━━━━[0m[37m━━━━━━━━━━━━━━━[0m [1m1:58[0m 498ms/step - accuracy: 0.0966 - loss: 1.6532
[1m100/336[0m [32m━━━━━[0m[37m━━━━━━━━━━━━━━━[0m [1m1:57[0m 498ms/step - accuracy: 0.0966 - loss: 1.6526
[1m101/336[0m [32m━━━━━━[0m[37m━━━━━━━━━━━━━━[0m [1m1:57[0m 498ms/step - accuracy: 0.0967 - loss: 1.6520
[1m102/336[0m [32m━━━━━━[0m[37m━━━━━━━━━━━━━━[0m [1m1:56[0m 498ms/step - accuracy: 0.0967 - loss: 1.6514
[1m103/336[0m [32m━━━━━━[0m[37m━━━━━━━━━━━━━━[0m [1m1:56[0m 499ms/step - accuracy: 0.0967 - loss: 1.6509
[1m104/336[0m [32m━━━━━━[0m[37m━━━━━━━━━━━━━━[0m [1m1:55[0m 499ms/step - accuracy: 0.0967 - loss: 1.6504
[1m105/336[0m [32m━━━━━━[0m[37m━━━━━━━━━━━━━━[0m [1m1:55[0m 499ms/step - accuracy: 0.0968 - loss: 1.6499
[1m106/336[0m [32m━━━━━━[0m[37m━━━━━━━━━━━━━━[0m [1m1:54[0m 499ms/step - accuracy: 0.0968 - loss: 1.6494
[1m107/336[0m [32m━━━━━━[0m[37m━━━━━━━━━━━━━━[0m [1m1:54[0m 500ms/step - accuracy: 0.0968 - loss: 1.6490
[1m108/336[0m [32m━━━━━━[0m[37m━━━━━━━━━━━━━━[0m [1m1:53[0m 500ms/step - accuracy: 0.0968 - loss: 1.6486
[1m109/336[0m [32m━━━━━━[0m[37m━━━━━━━━━━━━━━[0m [1m1:53[0m 500ms/step - accuracy: 0.0968 - loss: 1.6483
[1m110/336[0m [32m━━━━━━[0m[37m━━━━━━━━━━━━━━[0m [1m1:53[0m 500ms/step - accuracy: 0.0969 - loss: 1.6480
[1m111/336[0m [32m━━━━━━[0m[37m━━━━━━━━━━━━━━[0m [1m1:52[0m 501ms/step - accuracy: 0.0969 - loss: 1.6478
[1m112/336[0m [32m━━━━━━[0m[37m━━━━━━━━━━━━━━[0m [1m1:52[0m 501ms/step - accuracy: 0.0969 - loss: 1.6475
[1m113/336[0m [32m━━━━━━[0m[37m━━━━━━━━━━━━━━[0m [1m1:51[0m 501ms/step - accuracy: 0.0969 - loss: 1.6473
[1m114/336[0m [32m━━━━━━[0m[37m━━━━━━━━━━━━━━[0m [1m1:51[0m 501ms/step - accuracy: 0.0969 - loss: 1.6471
[1m115/336[0m [32m━━━━━━[0m[37m━━━━━━━━━━━━━━[0m [1m1:50[0m 501ms/step - accuracy: 0.0969 - loss: 1.6470
[1m116/336[0m [32m━━━━━━[0m[37m━━━━━━━━━━━━━━[0m [1m1:50[0m 501ms/step - accuracy: 0.0969 - loss: 1.6468
[1m117/336[0m [32m━━━━━━[0m[37m━━━━━━━━━━━━━━[0m [1m1:49[0m 501ms/step - accuracy: 0.0969 - loss: 1.6467
[1m118/336[0m [32m━━━━━━━[0m[37m━━━━━━━━━━━━━[0m [1m1:49[0m 501ms/step - accuracy: 0.0970 - loss: 1.6464
[1m119/336[0m [32m━━━━━━━[0m[37m━━━━━━━━━━━━━[0m [1m1:48[0m 501ms/step - accuracy: 0.0970 - loss: 1.6462
[1m120/336[0m [32m━━━━━━━[0m[37m━━━━━━━━━━━━━[0m [1m1:48[0m 501ms/step - accuracy: 0.0970 - loss: 1.6460
[1m121/336[0m [32m━━━━━━━[0m[37m━━━━━━━━━━━━━[0m [1m1:47[0m 501ms/step - accuracy: 0.0970 - loss: 1.6459
[1m122/336[0m [32m━━━━━━━[0m[37m━━━━━━━━━━━━━[0m [1m1:47[0m 501ms/step - accuracy: 0.0970 - loss: 1.6457
[1m123/336[0m [32m━━━━━━━[0m[37m━━━━━━━━━━━━━[0m [1m1:46[0m 502ms/step - accuracy: 0.0970 - loss: 1.6455
[1m124/336[0m [32m━━━━━━━[0m[37m━━━━━━━━━━━━━[0m [1m1:46[0m 502ms/step - accuracy: 0.0970 - loss: 1.6453
[1m125/336[0m [32m━━━━━━━[0m[37m━━━━━━━━━━━━━[0m [1m1:45[0m 502ms/step - accuracy: 0.0971 - loss: 1.6452
[1m126/336[0m [32m━━━━━━━[0m[37m━━━━━━━━━━━━━[0m [1m1:45[0m 502ms/step - accuracy: 0.0971 - loss: 1.6452
[1m127/336[0m [32m━━━━━━━[0m[37m━━━━━━━━━━━━━[0m [1m1:44[0m 502ms/step - accuracy: 0.0971 - loss: 1.6452
[1m128/336[0m [32m━━━━━━━[0m[37m━━━━━━━━━━━━━[0m [1m1:44[0m 502ms/step - accuracy: 0.0971 - loss: 1.6452
[1m129/336[0m [32m━━━━━━━[0m[37m━━━━━━━━━━━━━[0m [1m1:43[0m 502ms/step - accuracy: 0.0971 - loss: 1.6452
[1m130/336[0m [32m━━━━━━━[0m[37m━━━━━━━━━━━━━[0m [1m1:43[0m 502ms/step - accuracy: 0.0971 - loss: 1.6451
[1m131/336[0m [32m━━━━━━━[0m[37m━━━━━━━━━━━━━[0m [1m1:42[0m 502ms/step - accuracy: 0.0971 - loss: 1.6451
[1m132/336[0m [32m━━━━━━━[0m[37m━━━━━━━━━━━━━[0m [1m1:42[0m 502ms/step - accuracy: 0.0971 - loss: 1.6451
[1m133/336[0m [32m━━━━━━━[0m[37m━━━━━━━━━━━━━[0m [1m1:41[0m 502ms/step - accuracy: 0.0971 - loss: 1.6451
[1m134/336[0m [32m━━━━━━━[0m[37m━━━━━━━━━━━━━[0m [1m1:41[0m 502ms/step - accuracy: 0.0971 - loss: 1.6451
[1m135/336[0m [32m━━━━━━━━[0m[37m━━━━━━━━━━━━[0m [1m1:40[0m 501ms/step - accuracy: 0.0971 - loss: 1.6451
[1m136/336[0m [32m━━━━━━━━[0m[37m━━━━━━━━━━━━[0m [1m1:40[0m 501ms/step - accuracy: 0.0971 - loss: 1.6451
[1m137/336[0m [32m━━━━━━━━[0m[37m━━━━━━━━━━━━[0m [1m1:39[0m 501ms/step - accuracy: 0.0971 - loss: 1.6451
[1m138/336[0m [32m━━━━━━━━[0m[37m━━━━━━━━━━━━[0m [1m1:39[0m 501ms/step - accuracy: 0.0972 - loss: 1.6450
[1m139/336[0m [32m━━━━━━━━[0m[37m━━━━━━━━━━━━[0m [1m1:38[0m 501ms/step - accuracy: 0.0971 - loss: 1.6450
[1m140/336[0m [32m━━━━━━━━[0m[37m━━━━━━━━━━━━[0m [1m1:38[0m 501ms/step - accuracy: 0.0971 - loss: 1.6449
[1m141/336[0m [32m━━━━━━━━[0m[37m━━━━━━━━━━━━[0m [1m1:37[0m 501ms/step - accuracy: 0.0971 - loss: 1.6448
[1m142/336[0m [32m━━━━━━━━[0m[37m━━━━━━━━━━━━[0m [1m1:37[0m 501ms/step - accuracy: 0.0971 - loss: 1.6448
[1m143/336[0m [32m━━━━━━━━[0m[37m━━━━━━━━━━━━[0m [1m1:36[0m 501ms/step - accuracy: 0.0971 - loss: 1.6446
[1m144/336[0m [32m━━━━━━━━[0m[37m━━━━━━━━━━━━[0m [1m1:36[0m 500ms/step - accuracy: 0.0971 - loss: 1.6445
[1m145/336[0m [32m━━━━━━━━[0m[37m━━━━━━━━━━━━[0m [1m1:35[0m 500ms/step - accuracy: 0.0971 - loss: 1.6443
[1m146/336[0m [32m━━━━━━━━[0m[37m━━━━━━━━━━━━[0m [1m1:35[0m 500ms/step - accuracy: 0.0971 - loss: 1.6442
[1m147/336[0m [32m━━━━━━━━[0m[37m━━━━━━━━━━━━[0m [1m1:34[0m 500ms/step - accuracy: 0.0971 - loss: 1.6440
[1m148/336[0m [32m━━━━━━━━[0m[37m━━━━━━━━━━━━[0m [1m1:34[0m 500ms/step - accuracy: 0.0971 - loss: 1.6438
[1m149/336[0m [32m━━━━━━━━[0m[37m━━━━━━━━━━━━[0m [1m1:33[0m 500ms/step - accuracy: 0.0970 - loss: 1.6436
[1m150/336[0m [32m━━━━━━━━[0m[37m━━━━━━━━━━━━[0m [1m1:32[0m 500ms/step - accuracy: 0.0970 - loss: 1.6435
[1m151/336[0m [32m━━━━━━━━[0m[37m━━━━━━━━━━━━[0m [1m1:32[0m 500ms/step - accuracy: 0.0970 - loss: 1.6433
[1m152/336[0m [32m━━━━━━━━━[0m[37m━━━━━━━━━━━[0m [1m1:31[0m 500ms/step - accuracy: 0.0970 - loss: 1.6430
[1m153/336[0m [32m━━━━━━━━━[0m[37m━━━━━━━━━━━[0m [1m1:31[0m 500ms/step - accuracy: 0.0970 - loss: 1.6429
[1m154/336[0m [32m━━━━━━━━━[0m[37m━━━━━━━━━━━[0m [1m1:30[0m 499ms/step - accuracy: 0.0970 - loss: 1.6427
[1m155/336[0m [32m━━━━━━━━━[0m[37m━━━━━━━━━━━[0m [1m1:30[0m 499ms/step - accuracy: 0.0970 - loss: 1.6424
[1m156/336[0m [32m━━━━━━━━━[0m[37m━━━━━━━━━━━[0m [1m1:29[0m 499ms/step - accuracy: 0.0970 - loss: 1.6422
[1m157/336[0m [32m━━━━━━━━━[0m[37m━━━━━━━━━━━[0m [1m1:29[0m 499ms/step - accuracy: 0.0970 - loss: 1.6419
[1m158/336[0m [32m━━━━━━━━━[0m[37m━━━━━━━━━━━[0m [1m1:28[0m 499ms/step - accuracy: 0.0970 - loss: 1.6416
[1m159/336[0m [32m━━━━━━━━━[0m[37m━━━━━━━━━━━[0m [1m1:28[0m 499ms/step - accuracy: 0.0970 - loss: 1.6414
[1m160/336[0m [32m━━━━━━━━━[0m[37m━━━━━━━━━━━[0m [1m1:27[0m 499ms/step - accuracy: 0.0970 - loss: 1.6411
[1m161/336[0m [32m━━━━━━━━━[0m[37m━━━━━━━━━━━[0m [1m1:27[0m 499ms/step - accuracy: 0.0970 - loss: 1.6409
[1m162/336[0m [32m━━━━━━━━━[0m[37m━━━━━━━━━━━[0m [1m1:26[0m 499ms/step - accuracy: 0.0970 - loss: 1.6407
[1m163/336[0m [32m━━━━━━━━━[0m[37m━━━━━━━━━━━[0m [1m1:26[0m 499ms/step - accuracy: 0.0970 - loss: 1.6404
[1m164/336[0m [32m━━━━━━━━━[0m[37m━━━━━━━━━━━[0m [1m1:25[0m 499ms/step - accuracy: 0.0970 - loss: 1.6401
[1m165/336[0m [32m━━━━━━━━━[0m[37m━━━━━━━━━━━[0m [1m1:25[0m 499ms/step - accuracy: 0.0970 - loss: 1.6397
[1m166/336[0m [32m━━━━━━━━━[0m[37m━━━━━━━━━━━[0m [1m1:24[0m 499ms/step - accuracy: 0.0970 - loss: 1.6394
[1m167/336[0m [32m━━━━━━━━━[0m[37m━━━━━━━━━━━[0m [1m1:24[0m 499ms/step - accuracy: 0.0970 - loss: 1.6392
[1m168/336[0m [32m━━━━━━━━━━[0m[37m━━━━━━━━━━[0m [1m1:23[0m 499ms/step - accuracy: 0.0970 - loss: 1.6389
[1m169/336[0m [32m━━━━━━━━━━[0m[37m━━━━━━━━━━[0m [1m1:23[0m 499ms/step - accuracy: 0.0970 - loss: 1.6387
[1m170/336[0m [32m━━━━━━━━━━[0m[37m━━━━━━━━━━[0m [1m1:22[0m 499ms/step - accuracy: 0.0970 - loss: 1.6386
[1m171/336[0m [32m━━━━━━━━━━[0m[37m━━━━━━━━━━[0m [1m1:22[0m 499ms/step - accuracy: 0.0970 - loss: 1.6385
[1m172/336[0m [32m━━━━━━━━━━[0m[37m━━━━━━━━━━[0m [1m1:21[0m 499ms/step - accuracy: 0.0970 - loss: 1.6383
[1m173/336[0m [32m━━━━━━━━━━[0m[37m━━━━━━━━━━[0m [1m1:21[0m 499ms/step - accuracy: 0.0969 - loss: 1.6382
[1m174/336[0m [32m━━━━━━━━━━[0m[37m━━━━━━━━━━[0m [1m1:20[0m 499ms/step - accuracy: 0.0969 - loss: 1.6380
[1m175/336[0m [32m━━━━━━━━━━[0m[37m━━━━━━━━━━[0m [1m1:20[0m 499ms/step - accuracy: 0.0969 - loss: 1.6379
[1m176/336[0m [32m━━━━━━━━━━[0m[37m━━━━━━━━━━[0m [1m1:19[0m 499ms/step - accuracy: 0.0969 - loss: 1.6377
[1m177/336[0m [32m━━━━━━━━━━[0m[37m━━━━━━━━━━[0m [1m1:19[0m 499ms/step - accuracy: 0.0969 - loss: 1.6375
[1m178/336[0m [32m━━━━━━━━━━[0m[37m━━━━━━━━━━[0m [1m1:18[0m 499ms/step - accuracy: 0.0969 - loss: 1.6374
[1m179/336[0m [32m━━━━━━━━━━[0m[37m━━━━━━━━━━[0m [1m1:18[0m 499ms/step - accuracy: 0.0969 - loss: 1.6372
[1m180/336[0m [32m━━━━━━━━━━[0m[37m━━━━━━━━━━[0m [1m1:17[0m 499ms/step - accuracy: 0.0969 - loss: 1.6371
[1m181/336[0m [32m━━━━━━━━━━[0m[37m━━━━━━━━━━[0m [1m1:17[0m 499ms/step - accuracy: 0.0969 - loss: 1.6369
[1m182/336[0m [32m━━━━━━━━━━[0m[37m━━━━━━━━━━[0m [1m1:16[0m 499ms/step - accuracy: 0.0969 - loss: 1.6367
[1m183/336[0m [32m━━━━━━━━━━[0m[37m━━━━━━━━━━[0m [1m1:16[0m 499ms/step - accuracy: 0.0969 - loss: 1.6365
[1m184/336[0m [32m━━━━━━━━━━[0m[37m━━━━━━━━━━[0m [1m1:15[0m 499ms/step - accuracy: 0.0969 - loss: 1.6363
[1m185/336[0m [32m━━━━━━━━━━━[0m[37m━━━━━━━━━[0m [1m1:15[0m 499ms/step - accuracy: 0.0969 - loss: 1.6361
[1m186/336[0m [32m━━━━━━━━━━━[0m[37m━━━━━━━━━[0m [1m1:14[0m 499ms/step - accuracy: 0.0969 - loss: 1.6359
[1m187/336[0m [32m━━━━━━━━━━━[0m[37m━━━━━━━━━[0m [1m1:14[0m 499ms/step - accuracy: 0.0969 - loss: 1.6358
[1m188/336[0m [32m━━━━━━━━━━━[0m[37m━━━━━━━━━[0m [1m1:13[0m 499ms/step - accuracy: 0.0969 - loss: 1.6356
[1m189/336[0m [32m━━━━━━━━━━━[0m[37m━━━━━━━━━[0m [1m1:13[0m 499ms/step - accuracy: 0.0969 - loss: 1.6355
[1m190/336[0m [32m━━━━━━━━━━━[0m[37m━━━━━━━━━[0m [1m1:12[0m 498ms/step - accuracy: 0.0969 - loss: 1.6354
[1m191/336[0m [32m━━━━━━━━━━━[0m[37m━━━━━━━━━[0m [1m1:12[0m 498ms/step - accuracy: 0.0969 - loss: 1.6353
[1m192/336[0m [32m━━━━━━━━━━━[0m[37m━━━━━━━━━[0m [1m1:11[0m 498ms/step - accuracy: 0.0968 - loss: 1.6351
[1m193/336[0m [32m━━━━━━━━━━━[0m[37m━━━━━━━━━[0m [1m1:11[0m 498ms/step - accuracy: 0.0968 - loss: 1.6350
[1m194/336[0m [32m━━━━━━━━━━━[0m[37m━━━━━━━━━[0m [1m1:10[0m 498ms/step - accuracy: 0.0968 - loss: 1.6348
[1m195/336[0m [32m━━━━━━━━━━━[0m[37m━━━━━━━━━[0m [1m1:10[0m 498ms/step - accuracy: 0.0968 - loss: 1.6347
[1m196/336[0m [32m━━━━━━━━━━━[0m[37m━━━━━━━━━[0m [1m1:09[0m 498ms/step - accuracy: 0.0968 - loss: 1.6345
[1m197/336[0m [32m━━━━━━━━━━━[0m[37m━━━━━━━━━[0m [1m1:09[0m 498ms/step - accuracy: 0.0968 - loss: 1.6344
[1m198/336[0m [32m━━━━━━━━━━━[0m[37m━━━━━━━━━[0m [1m1:08[0m 498ms/step - accuracy: 0.0968 - loss: 1.6342
[1m199/336[0m [32m━━━━━━━━━━━[0m[37m━━━━━━━━━[0m [1m1:08[0m 498ms/step - accuracy: 0.0968 - loss: 1.6341
[1m200/336[0m [32m━━━━━━━━━━━[0m[37m━━━━━━━━━[0m [1m1:07[0m 498ms/step - accuracy: 0.0968 - loss: 1.6340
[1m201/336[0m [32m━━━━━━━━━━━[0m[37m━━━━━━━━━[0m [1m1:07[0m 498ms/step - accuracy: 0.0968 - loss: 1.6339
[1m202/336[0m [32m━━━━━━━━━━━━[0m[37m━━━━━━━━[0m [1m1:06[0m 498ms/step - accuracy: 0.0968 - loss: 1.6337
[1m203/336[0m [32m━━━━━━━━━━━━[0m[37m━━━━━━━━[0m [1m1:06[0m 498ms/step - accuracy: 0.0968 - loss: 1.6336
[1m204/336[0m [32m━━━━━━━━━━━━[0m[37m━━━━━━━━[0m [1m1:05[0m 498ms/step - accuracy: 0.0968 - loss: 1.6335
[1m205/336[0m [32m━━━━━━━━━━━━[0m[37m━━━━━━━━[0m [1m1:05[0m 498ms/step - accuracy: 0.0968 - loss: 1.6334
[1m206/336[0m [32m━━━━━━━━━━━━[0m[37m━━━━━━━━[0m [1m1:04[0m 498ms/step - accuracy: 0.0968 - loss: 1.6333
[1m207/336[0m [32m━━━━━━━━━━━━[0m[37m━━━━━━━━[0m [1m1:04[0m 498ms/step - accuracy: 0.0968 - loss: 1.6332
[1m208/336[0m [32m━━━━━━━━━━━━[0m[37m━━━━━━━━[0m [1m1:03[0m 498ms/step - accuracy: 0.0968 - loss: 1.6331
[1m209/336[0m [32m━━━━━━━━━━━━[0m[37m━━━━━━━━[0m [1m1:03[0m 498ms/step - accuracy: 0.0968 - loss: 1.6331
[1m210/336[0m [32m━━━━━━━━━━━━[0m[37m━━━━━━━━[0m [1m1:02[0m 497ms/step - accuracy: 0.0968 - loss: 1.6330
[1m211/336[0m [32m━━━━━━━━━━━━[0m[37m━━━━━━━━[0m [1m1:02[0m 497ms/step - accuracy: 0.0968 - loss: 1.6329
[1m212/336[0m [32m━━━━━━━━━━━━[0m[37m━━━━━━━━[0m [1m1:01[0m 497ms/step - accuracy: 0.0968 - loss: 1.6328
[1m213/336[0m [32m━━━━━━━━━━━━[0m[37m━━━━━━━━[0m [1m1:01[0m 497ms/step - accuracy: 0.0968 - loss: 1.6327
[1m214/336[0m [32m━━━━━━━━━━━━[0m[37m━━━━━━━━[0m [1m1:00[0m 497ms/step - accuracy: 0.0968 - loss: 1.6326
[1m215/336[0m [32m━━━━━━━━━━━━[0m[37m━━━━━━━━[0m [1m1:00[0m 497ms/step - accuracy: 0.0968 - loss: 1.6325
[1m216/336[0m [32m━━━━━━━━━━━━[0m[37m━━━━━━━━[0m [1m59s[0m 497ms/step - accuracy: 0.0968 - loss: 1.6324 
[1m217/336[0m [32m━━━━━━━━━━━━[0m[37m━━━━━━━━[0m [1m59s[0m 497ms/step - accuracy: 0.0968 - loss: 1.6323
[1m218/336[0m [32m━━━━━━━━━━━━[0m[37m━━━━━━━━[0m [1m58s[0m 497ms/step - accuracy: 0.0968 - loss: 1.6322
[1m219/336[0m [32m━━━━━━━━━━━━━[0m[37m━━━━━━━[0m [1m58s[0m 497ms/step - accuracy: 0.0968 - loss: 1.6321
[1m220/336[0m [32m━━━━━━━━━━━━━[0m[37m━━━━━━━[0m [1m57s[0m 497ms/step - accuracy: 0.0967 - loss: 1.6320
[1m221/336[0m [32m━━━━━━━━━━━━━[0m[37m━━━━━━━[0m [1m57s[0m 497ms/step - accuracy: 0.0967 - loss: 1.6320
[1m222/336[0m [32m━━━━━━━━━━━━━[0m[37m━━━━━━━[0m [1m56s[0m 497ms/step - accuracy: 0.0967 - loss: 1.6319
[1m223/336[0m [32m━━━━━━━━━━━━━[0m[37m━━━━━━━[0m [1m56s[0m 497ms/step - accuracy: 0.0967 - loss: 1.6319
[1m224/336[0m [32m━━━━━━━━━━━━━[0m[37m━━━━━━━[0m [1m55s[0m 497ms/step - accuracy: 0.0967 - loss: 1.6318
[1m225/336[0m [32m━━━━━━━━━━━━━[0m[37m━━━━━━━[0m [1m55s[0m 497ms/step - accuracy: 0.0967 - loss: 1.6318
[1m226/336[0m [32m━━━━━━━━━━━━━[0m[37m━━━━━━━[0m [1m54s[0m 497ms/step - accuracy: 0.0967 - loss: 1.6317
[1m227/336[0m [32m━━━━━━━━━━━━━[0m[37m━━━━━━━[0m [1m54s[0m 497ms/step - accuracy: 0.0967 - loss: 1.6316
[1m228/336[0m [32m━━━━━━━━━━━━━[0m[37m━━━━━━━[0m [1m53s[0m 497ms/step - accuracy: 0.0967 - loss: 1.6315
[1m229/336[0m [32m━━━━━━━━━━━━━[0m[37m━━━━━━━[0m [1m53s[0m 497ms/step - accuracy: 0.0967 - loss: 1.6314
[1m230/336[0m [32m━━━━━━━━━━━━━[0m[37m━━━━━━━[0m [1m52s[0m 497ms/step - accuracy: 0.0967 - loss: 1.6314
[1m231/336[0m [32m━━━━━━━━━━━━━[0m[37m━━━━━━━[0m [1m52s[0m 496ms/step - accuracy: 0.0966 - loss: 1.6313
[1m232/336[0m [32m━━━━━━━━━━━━━[0m[37m━━━━━━━[0m [1m51s[0m 496ms/step - accuracy: 0.0966 - loss: 1.6313
[1m233/336[0m [32m━━━━━━━━━━━━━[0m[37m━━━━━━━[0m [1m51s[0m 496ms/step - accuracy: 0.0966 - loss: 1.6312
[1m234/336[0m [32m━━━━━━━━━━━━━[0m[37m━━━━━━━[0m [1m50s[0m 496ms/step - accuracy: 0.0966 - loss: 1.6311
[1m235/336[0m [32m━━━━━━━━━━━━━[0m[37m━━━━━━━[0m [1m50s[0m 496ms/step - accuracy: 0.0966 - loss: 1.6310
[1m236/336[0m [32m━━━━━━━━━━━━━━[0m[37m━━━━━━[0m [1m49s[0m 496ms/step - accuracy: 0.0966 - loss: 1.6309
[1m237/336[0m [32m━━━━━━━━━━━━━━[0m[37m━━━━━━[0m [1m49s[0m 496ms/step - accuracy: 0.0966 - loss: 1.6308
[1m238/336[0m [32m━━━━━━━━━━━━━━[0m[37m━━━━━━[0m [1m48s[0m 496ms/step - accuracy: 0.0966 - loss: 1.6307
[1m239/336[0m [32m━━━━━━━━━━━━━━[0m[37m━━━━━━[0m [1m48s[0m 496ms/step - accuracy: 0.0965 - loss: 1.6307
[1m240/336[0m [32m━━━━━━━━━━━━━━[0m[37m━━━━━━[0m [1m47s[0m 496ms/step - accuracy: 0.0965 - loss: 1.6306
[1m241/336[0m [32m━━━━━━━━━━━━━━[0m[37m━━━━━━[0m [1m47s[0m 496ms/step - accuracy: 0.0965 - loss: 1.6306
[1m242/336[0m [32m━━━━━━━━━━━━━━[0m[37m━━━━━━[0m [1m46s[0m 496ms/step - accuracy: 0.0965 - loss: 1.6305
[1m243/336[0m [32m━━━━━━━━━━━━━━[0m[37m━━━━━━[0m [1m46s[0m 496ms/step - accuracy: 0.0965 - loss: 1.6304
[1m244/336[0m [32m━━━━━━━━━━━━━━[0m[37m━━━━━━[0m [1m45s[0m 496ms/step - accuracy: 0.0965 - loss: 1.6303
[1m245/336[0m [32m━━━━━━━━━━━━━━[0m[37m━━━━━━[0m [1m45s[0m 496ms/step - accuracy: 0.0964 - loss: 1.6302
[1m246/336[0m [32m━━━━━━━━━━━━━━[0m[37m━━━━━━[0m [1m44s[0m 496ms/step - accuracy: 0.0964 - loss: 1.6301
[1m247/336[0m [32m━━━━━━━━━━━━━━[0m[37m━━━━━━[0m [1m44s[0m 496ms/step - accuracy: 0.0964 - loss: 1.6300
[1m248/336[0m [32m━━━━━━━━━━━━━━[0m[37m━━━━━━[0m [1m43s[0m 496ms/step - accuracy: 0.0964 - loss: 1.6299
[1m249/336[0m [32m━━━━━━━━━━━━━━[0m[37m━━━━━━[0m [1m43s[0m 496ms/step - accuracy: 0.0964 - loss: 1.6298
[1m250/336[0m [32m━━━━━━━━━━━━━━[0m[37m━━━━━━[0m [1m42s[0m 496ms/step - accuracy: 0.0964 - loss: 1.6297
[1m251/336[0m [32m━━━━━━━━━━━━━━[0m[37m━━━━━━[0m [1m42s[0m 496ms/step - accuracy: 0.0963 - loss: 1.6296
[1m252/336[0m [32m━━━━━━━━━━━━━━━[0m[37m━━━━━[0m [1m41s[0m 496ms/step - accuracy: 0.0963 - loss: 1.6295
[1m253/336[0m [32m━━━━━━━━━━━━━━━[0m[37m━━━━━[0m [1m41s[0m 496ms/step - accuracy: 0.0963 - loss: 1.6294
[1m254/336[0m [32m━━━━━━━━━━━━━━━[0m[37m━━━━━[0m [1m40s[0m 495ms/step - accuracy: 0.0963 - loss: 1.6293
[1m255/336[0m [32m━━━━━━━━━━━━━━━[0m[37m━━━━━[0m [1m40s[0m 495ms/step - accuracy: 0.0963 - loss: 1.6292
[1m256/336[0m [32m━━━━━━━━━━━━━━━[0m[37m━━━━━[0m [1m39s[0m 495ms/step - accuracy: 0.0963 - loss: 1.6291
[1m257/336[0m [32m━━━━━━━━━━━━━━━[0m[37m━━━━━[0m [1m39s[0m 495ms/step - accuracy: 0.0962 - loss: 1.6291
[1m258/336[0m [32m━━━━━━━━━━━━━━━[0m[37m━━━━━[0m [1m38s[0m 495ms/step - accuracy: 0.0962 - loss: 1.6290
[1m259/336[0m [32m━━━━━━━━━━━━━━━[0m[37m━━━━━[0m [1m38s[0m 494ms/step - accuracy: 0.0962 - loss: 1.6289
[1m260/336[0m [32m━━━━━━━━━━━━━━━[0m[37m━━━━━[0m [1m37s[0m 494ms/step - accuracy: 0.0962 - loss: 1.6289
[1m261/336[0m [32m━━━━━━━━━━━━━━━[0m[37m━━━━━[0m [1m37s[0m 494ms/step - accuracy: 0.0962 - loss: 1.6288
[1m262/336[0m [32m━━━━━━━━━━━━━━━[0m[37m━━━━━[0m [1m36s[0m 494ms/step - accuracy: 0.0961 - loss: 1.6287
[1m263/336[0m [32m━━━━━━━━━━━━━━━[0m[37m━━━━━[0m [1m36s[0m 494ms/step - accuracy: 0.0961 - loss: 1.6286
[1m264/336[0m [32m━━━━━━━━━━━━━━━[0m[37m━━━━━[0m [1m35s[0m 493ms/step - accuracy: 0.0961 - loss: 1.6285
[1m265/336[0m [32m━━━━━━━━━━━━━━━[0m[37m━━━━━[0m [1m35s[0m 493ms/step - accuracy: 0.0961 - loss: 1.6284
[1m266/336[0m [32m━━━━━━━━━━━━━━━[0m[37m━━━━━[0m [1m34s[0m 493ms/step - accuracy: 0.0961 - loss: 1.6284
[1m267/336[0m [32m━━━━━━━━━━━━━━━[0m[37m━━━━━[0m [1m34s[0m 493ms/step - accuracy: 0.0961 - loss: 1.6283
[1m268/336[0m [32m━━━━━━━━━━━━━━━[0m[37m━━━━━[0m [1m33s[0m 493ms/step - accuracy: 0.0961 - loss: 1.6282
[1m269/336[0m [32m━━━━━━━━━━━━━━━━[0m[37m━━━━[0m [1m32s[0m 492ms/step - accuracy: 0.0961 - loss: 1.6282
[1m270/336[0m [32m━━━━━━━━━━━━━━━━[0m[37m━━━━[0m [1m32s[0m 492ms/step - accuracy: 0.0960 - loss: 1.6281
[1m271/336[0m [32m━━━━━━━━━━━━━━━━[0m[37m━━━━[0m [1m31s[0m 492ms/step - accuracy: 0.0960 - loss: 1.6280
[1m272/336[0m [32m━━━━━━━━━━━━━━━━[0m[37m━━━━[0m [1m31s[0m 492ms/step - accuracy: 0.0960 - loss: 1.6280
[1m273/336[0m [32m━━━━━━━━━━━━━━━━[0m[37m━━━━[0m [1m30s[0m 492ms/step - accuracy: 0.0960 - loss: 1.6279
[1m274/336[0m [32m━━━━━━━━━━━━━━━━[0m[37m━━━━[0m [1m30s[0m 492ms/step - accuracy: 0.0960 - loss: 1.6279
[1m275/336[0m [32m━━━━━━━━━━━━━━━━[0m[37m━━━━[0m [1m29s[0m 491ms/step - accuracy: 0.0960 - loss: 1.6278
[1m276/336[0m [32m━━━━━━━━━━━━━━━━[0m[37m━━━━[0m [1m29s[0m 491ms/step - accuracy: 0.0960 - loss: 1.6277
[1m277/336[0m [32m━━━━━━━━━━━━━━━━[0m[37m━━━━[0m [1m28s[0m 491ms/step - accuracy: 0.0960 - loss: 1.6277
[1m278/336[0m [32m━━━━━━━━━━━━━━━━[0m[37m━━━━[0m [1m28s[0m 491ms/step - accuracy: 0.0959 - loss: 1.6276
[1m279/336[0m [32m━━━━━━━━━━━━━━━━[0m[37m━━━━[0m [1m27s[0m 491ms/step - accuracy: 0.0959 - loss: 1.6275
[1m280/336[0m [32m━━━━━━━━━━━━━━━━[0m[37m━━━━[0m [1m27s[0m 491ms/step - accuracy: 0.0959 - loss: 1.6274
[1m281/336[0m [32m━━━━━━━━━━━━━━━━[0m[37m━━━━[0m [1m26s[0m 491ms/step - accuracy: 0.0959 - loss: 1.6274
[1m282/336[0m [32m━━━━━━━━━━━━━━━━[0m[37m━━━━[0m [1m26s[0m 490ms/step - accuracy: 0.0959 - loss: 1.6273
[1m283/336[0m [32m━━━━━━━━━━━━━━━━[0m[37m━━━━[0m [1m25s[0m 490ms/step - accuracy: 0.0959 - loss: 1.6272
[1m284/336[0m [32m━━━━━━━━━━━━━━━━[0m[37m━━━━[0m [1m25s[0m 490ms/step - accuracy: 0.0959 - loss: 1.6272
[1m285/336[0m [32m━━━━━━━━━━━━━━━━[0m[37m━━━━[0m [1m24s[0m 490ms/step - accuracy: 0.0959 - loss: 1.6271
[1m286/336[0m [32m━━━━━━━━━━━━━━━━━[0m[37m━━━[0m [1m24s[0m 490ms/step - accuracy: 0.0959 - loss: 1.6270
[1m287/336[0m [32m━━━━━━━━━━━━━━━━━[0m[37m━━━[0m [1m23s[0m 490ms/step - accuracy: 0.0958 - loss: 1.6270
[1m288/336[0m [32m━━━━━━━━━━━━━━━━━[0m[37m━━━[0m [1m23s[0m 489ms/step - accuracy: 0.0958 - loss: 1.6269
[1m289/336[0m [32m━━━━━━━━━━━━━━━━━[0m[37m━━━[0m [1m22s[0m 489ms/step - accuracy: 0.0958 - loss: 1.6269
[1m290/336[0m [32m━━━━━━━━━━━━━━━━━[0m[37m━━━[0m [1m22s[0m 489ms/step - accuracy: 0.0958 - loss: 1.6268
[1m291/336[0m [32m━━━━━━━━━━━━━━━━━[0m[37m━━━[0m [1m22s[0m 489ms/step - accuracy: 0.0958 - loss: 1.6267
[1m292/336[0m [32m━━━━━━━━━━━━━━━━━[0m[37m━━━[0m [1m21s[0m 489ms/step - accuracy: 0.0958 - loss: 1.6266
[1m293/336[0m [32m━━━━━━━━━━━━━━━━━[0m[37m━━━[0m [1m21s[0m 489ms/step - accuracy: 0.0958 - loss: 1.6266
[1m294/336[0m [32m━━━━━━━━━━━━━━━━━[0m[37m━━━[0m [1m20s[0m 488ms/step - accuracy: 0.0958 - loss: 1.6265
[1m295/336[0m [32m━━━━━━━━━━━━━━━━━[0m[37m━━━[0m [1m20s[0m 488ms/step - accuracy: 0.0958 - loss: 1.6264
[1m296/336[0m [32m━━━━━━━━━━━━━━━━━[0m[37m━━━[0m [1m19s[0m 488ms/step - accuracy: 0.0958 - loss: 1.6263
[1m297/336[0m [32m━━━━━━━━━━━━━━━━━[0m[37m━━━[0m [1m19s[0m 488ms/step - accuracy: 0.0958 - loss: 1.6263
[1m298/336[0m [32m━━━━━━━━━━━━━━━━━[0m[37m━━━[0m [1m18s[0m 488ms/step - accuracy: 0.0958 - loss: 1.6262
[1m299/336[0m [32m━━━━━━━━━━━━━━━━━[0m[37m━━━[0m [1m18s[0m 488ms/step - accuracy: 0.0957 - loss: 1.6261
[1m300/336[0m [32m━━━━━━━━━━━━━━━━━[0m[37m━━━[0m [1m17s[0m 488ms/step - accuracy: 0.0957 - loss: 1.6260
[1m301/336[0m [32m━━━━━━━━━━━━━━━━━[0m[37m━━━[0m [1m17s[0m 487ms/step - accuracy: 0.0957 - loss: 1.6259
[1m302/336[0m [32m━━━━━━━━━━━━━━━━━[0m[37m━━━[0m [1m16s[0m 487ms/step - accuracy: 0.0957 - loss: 1.6259
[1m303/336[0m [32m━━━━━━━━━━━━━━━━━━[0m[37m━━[0m [1m16s[0m 487ms/step - accuracy: 0.0957 - loss: 1.6258
[1m304/336[0m [32m━━━━━━━━━━━━━━━━━━[0m[37m━━[0m [1m15s[0m 487ms/step - accuracy: 0.0957 - loss: 1.6257
[1m305/336[0m [32m━━━━━━━━━━━━━━━━━━[0m[37m━━[0m [1m15s[0m 487ms/step - accuracy: 0.0957 - loss: 1.6257
[1m306/336[0m [32m━━━━━━━━━━━━━━━━━━[0m[37m━━[0m [1m14s[0m 487ms/step - accuracy: 0.0957 - loss: 1.6256
[1m307/336[0m [32m━━━━━━━━━━━━━━━━━━[0m[37m━━[0m [1m14s[0m 486ms/step - accuracy: 0.0957 - loss: 1.6255
[1m308/336[0m [32m━━━━━━━━━━━━━━━━━━[0m[37m━━[0m [1m13s[0m 486ms/step - accuracy: 0.0957 - loss: 1.6254
[1m309/336[0m [32m━━━━━━━━━━━━━━━━━━[0m[37m━━[0m [1m13s[0m 486ms/step - accuracy: 0.0957 - loss: 1.6254
[1m310/336[0m [32m━━━━━━━━━━━━━━━━━━[0m[37m━━[0m [1m12s[0m 486ms/step - accuracy: 0.0957 - loss: 1.6253
[1m311/336[0m [32m━━━━━━━━━━━━━━━━━━[0m[37m━━[0m [1m12s[0m 486ms/step - accuracy: 0.0957 - loss: 1.6252
[1m312/336[0m [32m━━━━━━━━━━━━━━━━━━[0m[37m━━[0m [1m11s[0m 486ms/step - accuracy: 0.0957 - loss: 1.6252
[1m313/336[0m [32m━━━━━━━━━━━━━━━━━━[0m[37m━━[0m [1m11s[0m 486ms/step - accuracy: 0.0957 - loss: 1.6251
[1m314/336[0m [32m━━━━━━━━━━━━━━━━━━[0m[37m━━[0m [1m10s[0m 485ms/step - accuracy: 0.0957 - loss: 1.6250
[1m315/336[0m [32m━━━━━━━━━━━━━━━━━━[0m[37m━━[0m [1m10s[0m 485ms/step - accuracy: 0.0957 - loss: 1.6250
[1m316/336[0m [32m━━━━━━━━━━━━━━━━━━[0m[37m━━[0m [1m9s[0m 485ms/step - accuracy: 0.0957 - loss: 1.6249 
[1m317/336[0m [32m━━━━━━━━━━━━━━━━━━[0m[37m━━[0m [1m9s[0m 485ms/step - accuracy: 0.0957 - loss: 1.6248
[1m318/336[0m [32m━━━━━━━━━━━━━━━━━━[0m[37m━━[0m [1m8s[0m 485ms/step - accuracy: 0.0957 - loss: 1.6248
[1m319/336[0m [32m━━━━━━━━━━━━━━━━━━[0m[37m━━[0m [1m8s[0m 485ms/step - accuracy: 0.0957 - loss: 1.6247
[1m320/336[0m [32m━━━━━━━━━━━━━━━━━━━[0m[37m━[0m [1m7s[0m 485ms/step - accuracy: 0.0957 - loss: 1.6246
[1m321/336[0m [32m━━━━━━━━━━━━━━━━━━━[0m[37m━[0m [1m7s[0m 484ms/step - accuracy: 0.0956 - loss: 1.6246
[1m322/336[0m [32m━━━━━━━━━━━━━━━━━━━[0m[37m━[0m [1m6s[0m 484ms/step - accuracy: 0.0956 - loss: 1.6245
[1m323/336[0m [32m━━━━━━━━━━━━━━━━━━━[0m[37m━[0m [1m6s[0m 484ms/step - accuracy: 0.0956 - loss: 1.6244
[1m324/336[0m [32m━━━━━━━━━━━━━━━━━━━[0m[37m━[0m [1m5s[0m 484ms/step - accuracy: 0.0956 - loss: 1.6244
[1m325/336[0m [32m━━━━━━━━━━━━━━━━━━━[0m[37m━[0m [1m5s[0m 484ms/step - accuracy: 0.0956 - loss: 1.6243
[1m326/336[0m [32m━━━━━━━━━━━━━━━━━━━[0m[37m━[0m [1m4s[0m 484ms/step - accuracy: 0.0956 - loss: 1.6243
[1m327/336[0m [32m━━━━━━━━━━━━━━━━━━━[0m[37m━[0m [1m4s[0m 484ms/step - accuracy: 0.0956 - loss: 1.6242
[1m328/336[0m [32m━━━━━━━━━━━━━━━━━━━[0m[37m━[0m [1m3s[0m 483ms/step - accuracy: 0.0956 - loss: 1.6242
[1m329/336[0m [32m━━━━━━━━━━━━━━━━━━━[0m[37m━[0m [1m3s[0m 483ms/step - accuracy: 0.0956 - loss: 1.6241
[1m330/336[0m [32m━━━━━━━━━━━━━━━━━━━[0m[37m━[0m [1m2s[0m 483ms/step - accuracy: 0.0956 - loss: 1.6240
[1m331/336[0m [32m━━━━━━━━━━━━━━━━━━━[0m[37m━[0m [1m2s[0m 483ms/step - accuracy: 0.0956 - loss: 1.6240
[1m332/336[0m [32m━━━━━━━━━━━━━━━━━━━[0m[37m━[0m [1m1s[0m 483ms/step - accuracy: 0.0956 - loss: 1.6239
[1m333/336[0m [32m━━━━━━━━━━━━━━━━━━━[0m[37m━[0m [1m1s[0m 483ms/step - accuracy: 0.0956 - loss: 1.6239
[1m334/336[0m [32m━━━━━━━━━━━━━━━━━━━[0m[37m━[0m [1m0s[0m 483ms/step - accuracy: 0.0956 - loss: 1.6238
[1m335/336[0m [32m━━━━━━━━━━━━━━━━━━━[0m[37m━[0m [1m0s[0m 483ms/step - accuracy: 0.0956 - loss: 1.6238
[1m336/336[0m [32m━━━━━━━━━━━━━━━━━━━━[0m[37m[0m [1m0s[0m 482ms/step - accuracy: 0.0956 - loss: 1.6238
Epoch 2: val_accuracy improved from 0.36049 to 0.37723, saving model to C:\Users\This PC\Desktop\kinhlac\ml-service\model\tongue_cnn.h5

Epoch 2: finished saving model to C:\Users\This PC\Desktop\kinhlac\ml-service\model\tongue_cnn.h5

[1m336/336[0m [32m━━━━━━━━━━━━━━━━━━━━[0m[37m[0m [1m209s[0m 607ms/step - accuracy: 0.0940 - loss: 1.6129 - val_accuracy: 0.3772 - val_loss: 2.2044
Epoch 3/20
