WARNING: All log messages before absl::InitializeLog() is called are written to STDERR
I0000 00:00:1781369140.771600    7920 port.cc:153] oneDNN custom operations are on. You may see slightly different numerical results due to floating-point round-off errors from different computation orders. To turn them off, set the environment variable `TF_ENABLE_ONEDNN_OPTS=0`.
WARNING: All log messages before absl::InitializeLog() is called are written to STDERR
I0000 00:00:1781369149.114443    7920 port.cc:153] oneDNN custom operations are on. You may see slightly different numerical results due to floating-point round-off errors from different computation orders. To turn them off, set the environment variable `TF_ENABLE_ONEDNN_OPTS=0`.
I0000 00:00:1781369149.922096    7920 cpu_feature_guard.cc:227] This TensorFlow binary is optimized to use available CPU instructions in performance-critical operations.
To enable the following instructions: SSE3 SSE4.1 SSE4.2 AVX, in other operations, rebuild TensorFlow with the appropriate compiler flags.
WARNING:tensorflow:TensorFlow GPU support is not available on native Windows for TensorFlow >= 2.11. Even if CUDA/cuDNN are installed, GPU will not be used. Please use WSL2 or the TensorFlow-DirectML plugin.
WARNING:absl:You are saving your model as an HDF5 file via `model.save()` or `keras.saving.save_model(model)`. This file format is considered legacy. We recommend using instead the native Keras format, e.g. `model.save('my_model.keras')` or `keras.saving.save_model(model, 'my_model.keras')`. 
WARNING:absl:You are saving your model as an HDF5 file via `model.save()` or `keras.saving.save_model(model)`. This file format is considered legacy. We recommend using instead the native Keras format, e.g. `model.save('my_model.keras')` or `keras.saving.save_model(model, 'my_model.keras')`. 
WARNING:absl:You are saving your model as an HDF5 file via `model.save()` or `keras.saving.save_model(model)`. This file format is considered legacy. We recommend using instead the native Keras format, e.g. `model.save('my_model.keras')` or `keras.saving.save_model(model, 'my_model.keras')`. 
WARNING:absl:You are saving your model as an HDF5 file via `model.save()` or `keras.saving.save_model(model)`. This file format is considered legacy. We recommend using instead the native Keras format, e.g. `model.save('my_model.keras')` or `keras.saving.save_model(model, 'my_model.keras')`. 
WARNING:absl:You are saving your model as an HDF5 file via `model.save()` or `keras.saving.save_model(model)`. This file format is considered legacy. We recommend using instead the native Keras format, e.g. `model.save('my_model.keras')` or `keras.saving.save_model(model, 'my_model.keras')`. 
WARNING:absl:You are saving your model as an HDF5 file via `model.save()` or `keras.saving.save_model(model)`. This file format is considered legacy. We recommend using instead the native Keras format, e.g. `model.save('my_model.keras')` or `keras.saving.save_model(model, 'my_model.keras')`. 
I0000 00:00:1781371813.567958   11368 shuffle_dataset_op.cc:453] ShuffleDatasetV3:3: Filling up shuffle buffer (this may take a while): 1439 of 2048
I0000 00:00:1781371816.616047   11368 shuffle_dataset_op.cc:483] Shuffle buffer filled.
I0000 00:00:1781372335.810864    1036 shuffle_dataset_op.cc:453] ShuffleDatasetV3:3: Filling up shuffle buffer (this may take a while): 1597 of 2048
I0000 00:00:1781372337.953829    1036 shuffle_dataset_op.cc:483] Shuffle buffer filled.
I0000 00:00:1781372845.700492     404 shuffle_dataset_op.cc:453] ShuffleDatasetV3:3: Filling up shuffle buffer (this may take a while): 1845 of 2048
I0000 00:00:1781372846.692099     404 shuffle_dataset_op.cc:483] Shuffle buffer filled.
I0000 00:00:1781373300.373218     376 shuffle_dataset_op.cc:453] ShuffleDatasetV3:3: Filling up shuffle buffer (this may take a while): 1922 of 2048
I0000 00:00:1781373301.063417     376 shuffle_dataset_op.cc:483] Shuffle buffer filled.
WARNING:absl:You are saving your model as an HDF5 file via `model.save()` or `keras.saving.save_model(model)`. This file format is considered legacy. We recommend using instead the native Keras format, e.g. `model.save('my_model.keras')` or `keras.saving.save_model(model, 'my_model.keras')`. 
